INFO:__main__:HTTP server started on port 30050 (health + POST /api/tokens)
INFO:__main__:Connecting to RabbitMQ | host=localhost port=5672 vhost=/ (attempt 1)
INFO:pika.adapters.utils.connection_workflow:Pika version 1.3.1 connecting to ('::1', 5672, 0, 0)
INFO:pika.adapters.utils.io_services_utils:Socket connected: <socket.socket fd=844, family=23, type=1, proto=6, laddr=('::1', 60968, 0, 0), raddr=('::1', 5672, 0, 0)>
INFO:pika.adapters.utils.connection_workflow:Streaming transport linked up: (<pika.adapters.utils.io_services_utils._AsyncPlaintextTransport object at 0x00000249B1D7E590>, _StreamingProtocolShim: <SelectConnection PROTOCOL transport=<pika.adapters.utils.io_services_utils._AsyncPlaintextTransport object at 0x00000249B1D7E590> params=<ConnectionParameters host=localhost port=5672 virtual_host=/ ssl=False>>).
INFO:pika.adapters.utils.connection_workflow:AMQPConnector - reporting success: <SelectConnection OPEN transport=<pika.adapters.utils.io_services_utils._AsyncPlaintextTransport object at 0x00000249B1D7E590> params=<ConnectionParameters host=localhost port=5672 virtual_host=/ ssl=False>>
INFO:pika.adapters.utils.connection_workflow:AMQPConnectionWorkflow - reporting success: <SelectConnection OPEN transport=<pika.adapters.utils.io_services_utils._AsyncPlaintextTransport object at 0x00000249B1D7E590> params=<ConnectionParameters host=localhost port=5672 virtual_host=/ ssl=False>>
INFO:pika.adapters.blocking_connection:Connection workflow succeeded: <SelectConnection OPEN transport=<pika.adapters.utils.io_services_utils._AsyncPlaintextTransport object at 0x00000249B1D7E590> params=<ConnectionParameters host=localhost port=5672 virtual_host=/ ssl=False>>
INFO:pika.adapters.blocking_connection:Created channel=1
INFO:__main__:Consumer started | calendar_exchange=calendar.exchange | planning_exchange=planning.exchange | vhost=/ | dlx=planning.dlx
INFO:__main__:Message received on routing key 'frontend.to.planning.calendar.invite'
INFO:__main__:Handling calendar.invite | message_id=e6f3fa0e-bbd2-46fa-9311-fa8487e26cc5 | session_id=test-session-001 | title=Test Keynote
INFO:calendar_service:Message logged | type=calendar.invite | message_id=e6f3fa0e-bbd2-46fa-9311-fa8487e26cc5 | source=frontend
INFO:calendar_service:Session created/updated | session_id=test-session-001 | title=Test Keynote | status=published
ERROR:calendar_service:Database error while creating calendar invite: column "status" of relation "calendar_invites" does not exist
LINE 3: ...d, title, start_datetime, end_datetime, location, status, us...
                                                             ^

INFO:calendar_service:Message status updated | message_id=e6f3fa0e-bbd2-46fa-9311-fa8487e26cc5 | status=processed
INFO:graph_client:Outlook event created | session_id=test-session-001 | event_id=AQMkADAwATM0MDAAMS05OQBiMC1iZjU2LTAwAi0wMAoARgAAA7PThhR66JxFpzUuYjFz9-UHAFHNlaPzq4VIo06QBa5X4xEAAAIBDQAAAFHNlaPzq4VIo06QBa5X4xEACN6G-PoAAAA=
INFO:graph_service:Graph sync created | session_id=test-session-001 | user_id=yeddouks@hotmail.be | event_id=AQMkADAwATM0MDAAMS05OQBiMC1iZjU2LTAwAi0wMAoARgAAA7PThhR66JxFpzUuYjFz9-UHAFHNlaPzq4VIo06QBa5X4xEAAAIBDQAAAFHNlaPzq4VIo06QBa5X4xEACN6G-PoAAAA=
INFO:producer:Built XML for calendar.invite.confirmed:
<message xmlns="urn:integration:planning:v1">
  <header>
    <message_id>99cd4b15-057f-4933-a1c4-9fed2616a0e9</message_id>
    <timestamp>2026-04-29T14:24:10.096406+00:00</timestamp>
    <source>planning</source>
    <type>calendar.invite.confirmed</type>
    <version>1.0</version>
    <correlation_id>36110f1a-d28a-464e-92f3-67e50a79834a</correlation_id>
  </header>
  <body>
    <session_id>test-session-001</session_id>
    <original_message_id>e6f3fa0e-bbd2-46fa-9311-fa8487e26cc5</original_message_id>
    <status>confirmed</status>
  </body>
</message>

INFO:pika.adapters.utils.connection_workflow:Pika version 1.3.1 connecting to ('::1', 5672, 0, 0)
INFO:pika.adapters.utils.io_services_utils:Socket connected: <socket.socket fd=852, family=23, type=1, proto=6, laddr=('::1', 60575, 0, 0), raddr=('::1', 5672, 0, 0)>
INFO:pika.adapters.utils.connection_workflow:Streaming transport linked up: (<pika.adapters.utils.io_services_utils._AsyncPlaintextTransport object at 0x00000249B1D8F110>, _StreamingProtocolShim: <SelectConnection PROTOCOL transport=<pika.adapters.utils.io_services_utils._AsyncPlaintextTransport object at 0x00000249B1D8F110> params=<ConnectionParameters host=localhost port=5672 virtual_host=/ ssl=False>>).
INFO:pika.adapters.utils.connection_workflow:AMQPConnector - reporting success: <SelectConnection OPEN transport=<pika.adapters.utils.io_services_utils._AsyncPlaintextTransport object at 0x00000249B1D8F110> params=<ConnectionParameters host=localhost port=5672 virtual_host=/ ssl=False>>
INFO:pika.adapters.utils.connection_workflow:AMQPConnectionWorkflow - reporting success: <SelectConnection OPEN transport=<pika.adapters.utils.io_services_utils._AsyncPlaintextTransport object at 0x00000249B1D8F110> params=<ConnectionParameters host=localhost port=5672 virtual_host=/ ssl=False>>
INFO:pika.adapters.blocking_connection:Connection workflow succeeded: <SelectConnection OPEN transport=<pika.adapters.utils.io_services_utils._AsyncPlaintextTransport object at 0x00000249B1D8F110> params=<ConnectionParameters host=localhost port=5672 virtual_host=/ ssl=False>>
INFO:pika.adapters.blocking_connection:Created channel=1
INFO:producer:Message published | routing_key=planning.to.frontend.calendar.invite.confirmed
INFO:pika.adapters.blocking_connection:Closing connection (200): Normal shutdown
INFO:pika.channel:Closing channel (200): 'Normal shutdown' on <Channel number=1 OPEN conn=<SelectConnection OPEN transport=<pika.adapters.utils.io_services_utils._AsyncPlaintextTransport object at 0x00000249B1D8F110> params=<ConnectionParameters host=localhost port=5672 virtual_host=/ ssl=False>>>
INFO:pika.channel:Received <Channel.CloseOk> on <Channel number=1 CLOSING conn=<SelectConnection OPEN transport=<pika.adapters.utils.io_services_utils._AsyncPlaintextTransport object at 0x00000249B1D8F110> params=<ConnectionParameters host=localhost port=5672 virtual_host=/ ssl=False>>>
INFO:pika.connection:Closing connection (200): 'Normal shutdown'
INFO:pika.adapters.utils.io_services_utils:Aborting transport connection: state=1; <socket.socket fd=852, family=23, type=1, proto=6, laddr=('::1', 60575, 0, 0), raddr=('::1', 5672, 0, 0)>
INFO:pika.adapters.utils.io_services_utils:_AsyncTransportBase._initate_abort(): Initiating abrupt asynchronous transport shutdown: state=1; error=None; <socket.socket fd=852, family=23, type=1, proto=6, laddr=('::1', 60575, 0, 0), raddr=('::1', 5672, 0, 0)>
INFO:pika.adapters.utils.io_services_utils:Deactivating transport: state=1; <socket.socket fd=852, family=23, type=1, proto=6, laddr=('::1', 60575, 0, 0), raddr=('::1', 5672, 0, 0)>
INFO:pika.connection:AMQP stack terminated, failed to connect, or aborted: opened=True, error-arg=None; pending-error=ConnectionClosedByClient: (200) 'Normal shutdown'
INFO:pika.connection:Stack terminated due to ConnectionClosedByClient: (200) 'Normal shutdown'
INFO:pika.adapters.utils.io_services_utils:Closing transport socket and unlinking: state=3; <socket.socket fd=852, family=23, type=1, proto=6, laddr=('::1', 60575, 0, 0), raddr=('::1', 5672, 0, 0)>
INFO:pika.adapters.blocking_connection:User-initiated close: result=BlockingConnection__OnClosedArgs(connection=<SelectConnection CLOSED transport=None params=<ConnectionParameters host=localhost port=5672 virtual_host=/ ssl=False>>, error=ConnectionClosedByClient: (200) 'Normal shutdown')
INFO:__main__:calendar.invite processed successfully | message_id=e6f3fa0e-bbd2-46fa-9311-fa8487e26cc5
INFO:token_service:Stored tokens for user_id=yeddouks@hotmail.be | expires_at=2026-04-29 15:26:30+00:00
INFO:__main__:Token registered via /api/tokens | user_id=yeddouks@hotmail.be
INFO:__main__:Message received on routing key 'frontend.to.planning.session.create'
INFO:__main__:Handling session_create_request | message_id=adf045a8-b701-4fc0-89ac-65d31dd780e4 | session_id=a3f223fd-7ee7-49f7-8a96-8af9df0e6e65
INFO:calendar_service:Message logged | type=session_create_request | message_id=adf045a8-b701-4fc0-89ac-65d31dd780e4 | source=frontend
INFO:calendar_service:Session created/updated | session_id=a3f223fd-7ee7-49f7-8a96-8af9df0e6e65 | title=zefgezrg | status=published
INFO:calendar_service:Session event logged | type=session_create_request | session_id=a3f223fd-7ee7-49f7-8a96-8af9df0e6e65 | message_id=adf045a8-b701-4fc0-89ac-65d31dd780e4
INFO:calendar_service:Message status updated | message_id=adf045a8-b701-4fc0-89ac-65d31dd780e4 | status=processed
INFO:producer:Built XML for session_created:
<message xmlns="urn:integration:planning:v1">
  <header>
    <message_id>fe100fdc-1f78-4f82-b4f7-b4cd457fd45c</message_id>
    <timestamp>2026-04-29T14:26:38.063662+00:00</timestamp>
    <source>planning</source>
    <type>session_created</type>
    <version>1.0</version>
    <correlation_id>f7cf729e-99fd-49f8-8738-00a67382376b</correlation_id>
  </header>
  <body>
    <session_id>a3f223fd-7ee7-49f7-8a96-8af9df0e6e65</session_id>
    <title>zefgezrg</title>
    <start_datetime>2026-05-15T14:00:00Z</start_datetime>
    <end_datetime>2026-05-15T15:00:00Z</end_datetime>
    <location>Aula A - Campus Jette</location>
    <session_type>keynote</session_type>
    <status>published</status>
    <max_attendees>120</max_attendees>
    <current_attendees>0</current_attendees>
  </body>
</message>

INFO:pika.adapters.utils.connection_workflow:Pika version 1.3.1 connecting to ('::1', 5672, 0, 0)
INFO:pika.adapters.utils.io_services_utils:Socket connected: <socket.socket fd=640, family=23, type=1, proto=6, laddr=('::1', 58409, 0, 0), raddr=('::1', 5672, 0, 0)>
INFO:pika.adapters.utils.connection_workflow:Streaming transport linked up: (<pika.adapters.utils.io_services_utils._AsyncPlaintextTransport object at 0x00000249B1D97410>, _StreamingProtocolShim: <SelectConnection PROTOCOL transport=<pika.adapters.utils.io_services_utils._AsyncPlaintextTransport object at 0x00000249B1D97410> params=<ConnectionParameters host=localhost port=5672 virtual_host=/ ssl=False>>).
INFO:pika.adapters.utils.connection_workflow:AMQPConnector - reporting success: <SelectConnection OPEN transport=<pika.adapters.utils.io_services_utils._AsyncPlaintextTransport object at 0x00000249B1D97410> params=<ConnectionParameters host=localhost port=5672 virtual_host=/ ssl=False>>
INFO:pika.adapters.utils.connection_workflow:AMQPConnectionWorkflow - reporting success: <SelectConnection OPEN transport=<pika.adapters.utils.io_services_utils._AsyncPlaintextTransport object at 0x00000249B1D97410> params=<ConnectionParameters host=localhost port=5672 virtual_host=/ ssl=False>>
INFO:pika.adapters.blocking_connection:Connection workflow succeeded: <SelectConnection OPEN transport=<pika.adapters.utils.io_services_utils._AsyncPlaintextTransport object at 0x00000249B1D97410> params=<ConnectionParameters host=localhost port=5672 virtual_host=/ ssl=False>>
INFO:pika.adapters.blocking_connection:Created channel=1
INFO:producer:Message published | routing_key=planning.to.frontend.session.created
INFO:pika.adapters.blocking_connection:Closing connection (200): Normal shutdown
INFO:pika.channel:Closing channel (200): 'Normal shutdown' on <Channel number=1 OPEN conn=<SelectConnection OPEN transport=<pika.adapters.utils.io_services_utils._AsyncPlaintextTransport object at 0x00000249B1D97410> params=<ConnectionParameters host=localhost port=5672 virtual_host=/ ssl=False>>>
INFO:pika.channel:Received <Channel.CloseOk> on <Channel number=1 CLOSING conn=<SelectConnection OPEN transport=<pika.adapters.utils.io_services_utils._AsyncPlaintextTransport object at 0x00000249B1D97410> params=<ConnectionParameters host=localhost port=5672 virtual_host=/ ssl=False>>>
INFO:pika.connection:Closing connection (200): 'Normal shutdown'
INFO:pika.adapters.utils.io_services_utils:Aborting transport connection: state=1; <socket.socket fd=640, family=23, type=1, proto=6, laddr=('::1', 58409, 0, 0), raddr=('::1', 5672, 0, 0)>
INFO:pika.adapters.utils.io_services_utils:_AsyncTransportBase._initate_abort(): Initiating abrupt asynchronous transport shutdown: state=1; error=None; <socket.socket fd=640, family=23, type=1, proto=6, laddr=('::1', 58409, 0, 0), raddr=('::1', 5672, 0, 0)>
INFO:pika.adapters.utils.io_services_utils:Deactivating transport: state=1; <socket.socket fd=640, family=23, type=1, proto=6, laddr=('::1', 58409, 0, 0), raddr=('::1', 5672, 0, 0)>
INFO:pika.connection:AMQP stack terminated, failed to connect, or aborted: opened=True, error-arg=None; pending-error=ConnectionClosedByClient: (200) 'Normal shutdown'
INFO:pika.connection:Stack terminated due to ConnectionClosedByClient: (200) 'Normal shutdown'
INFO:pika.adapters.utils.io_services_utils:Closing transport socket and unlinking: state=3; <socket.socket fd=640, family=23, type=1, proto=6, laddr=('::1', 58409, 0, 0), raddr=('::1', 5672, 0, 0)>
INFO:pika.adapters.blocking_connection:User-initiated close: result=BlockingConnection__OnClosedArgs(connection=<SelectConnection CLOSED transport=None params=<ConnectionParameters host=localhost port=5672 virtual_host=/ ssl=False>>, error=ConnectionClosedByClient: (200) 'Normal shutdown')
INFO:__main__:session_create_request processed | message_id=adf045a8-b701-4fc0-89ac-65d31dd780e4
INFO:__main__:Message received on routing key 'frontend.to.planning.calendar.invite'
INFO:__main__:Handling calendar.invite | message_id=35d4f361-62da-4a12-9669-ea138d6fa456 | session_id=a3f223fd-7ee7-49f7-8a96-8af9df0e6e65 | title=zefgezrg
INFO:calendar_service:Message logged | type=calendar.invite | message_id=35d4f361-62da-4a12-9669-ea138d6fa456 | source=frontend
INFO:calendar_service:Session created/updated | session_id=a3f223fd-7ee7-49f7-8a96-8af9df0e6e65 | title=zefgezrg | status=published
ERROR:calendar_service:Database error while creating calendar invite: column "status" of relation "calendar_invites" does not exist
LINE 3: ...d, title, start_datetime, end_datetime, location, status, us...
                                                             ^

INFO:calendar_service:Message status updated | message_id=35d4f361-62da-4a12-9669-ea138d6fa456 | status=processed
INFO:graph_client:Outlook event created | session_id=a3f223fd-7ee7-49f7-8a96-8af9df0e6e65 | event_id=AQMkADAwATM0MDAAMS05OQBiMC1iZjU2LTAwAi0wMAoARgAAA7PThhR66JxFpzUuYjFz9-UHAFHNlaPzq4VIo06QBa5X4xEAAAIBDQAAAFHNlaPzq4VIo06QBa5X4xEACN6G-PsAAAA=
INFO:graph_service:Graph sync created | session_id=a3f223fd-7ee7-49f7-8a96-8af9df0e6e65 | user_id=yeddouks@hotmail.be | event_id=AQMkADAwATM0MDAAMS05OQBiMC1iZjU2LTAwAi0wMAoARgAAA7PThhR66JxFpzUuYjFz9-UHAFHNlaPzq4VIo06QBa5X4xEAAAIBDQAAAFHNlaPzq4VIo06QBa5X4xEACN6G-PsAAAA=
INFO:producer:Built XML for calendar.invite.confirmed:
<message xmlns="urn:integration:planning:v1">
  <header>
    <message_id>ea45b08f-025f-439e-a3d9-e8d69679e9fd</message_id>
    <timestamp>2026-04-29T14:26:42.700319+00:00</timestamp>
    <source>planning</source>
    <type>calendar.invite.confirmed</type>
    <version>1.0</version>
    <correlation_id>2cbdfac1-a788-4e11-844b-677afa199c3a</correlation_id>
  </header>
  <body>
    <session_id>a3f223fd-7ee7-49f7-8a96-8af9df0e6e65</session_id>
    <original_message_id>35d4f361-62da-4a12-9669-ea138d6fa456</original_message_id>
    <status>confirmed</status>
  </body>
</message>

INFO:pika.adapters.utils.connection_workflow:Pika version 1.3.1 connecting to ('::1', 5672, 0, 0)
INFO:pika.adapters.utils.io_services_utils:Socket connected: <socket.socket fd=864, family=23, type=1, proto=6, laddr=('::1', 50773, 0, 0), raddr=('::1', 5672, 0, 0)>
INFO:pika.adapters.utils.connection_workflow:Streaming transport linked up: (<pika.adapters.utils.io_services_utils._AsyncPlaintextTransport object at 0x00000249B1D95C50>, _StreamingProtocolShim: <SelectConnection PROTOCOL transport=<pika.adapters.utils.io_services_utils._AsyncPlaintextTransport object at 0x00000249B1D95C50> params=<ConnectionParameters host=localhost port=5672 virtual_host=/ ssl=False>>).
INFO:pika.adapters.utils.connection_workflow:AMQPConnector - reporting success: <SelectConnection OPEN transport=<pika.adapters.utils.io_services_utils._AsyncPlaintextTransport object at 0x00000249B1D95C50> params=<ConnectionParameters host=localhost port=5672 virtual_host=/ ssl=False>>
INFO:pika.adapters.utils.connection_workflow:AMQPConnectionWorkflow - reporting success: <SelectConnection OPEN transport=<pika.adapters.utils.io_services_utils._AsyncPlaintextTransport object at 0x00000249B1D95C50> params=<ConnectionParameters host=localhost port=5672 virtual_host=/ ssl=False>>
INFO:pika.adapters.blocking_connection:Connection workflow succeeded: <SelectConnection OPEN transport=<pika.adapters.utils.io_services_utils._AsyncPlaintextTransport object at 0x00000249B1D95C50> params=<ConnectionParameters host=localhost port=5672 virtual_host=/ ssl=False>>
INFO:pika.adapters.blocking_connection:Created channel=1
INFO:producer:Message published | routing_key=planning.to.frontend.calendar.invite.confirmed
INFO:pika.adapters.blocking_connection:Closing connection (200): Normal shutdown
INFO:pika.channel:Closing channel (200): 'Normal shutdown' on <Channel number=1 OPEN conn=<SelectConnection OPEN transport=<pika.adapters.utils.io_services_utils._AsyncPlaintextTransport object at 0x00000249B1D95C50> params=<ConnectionParameters host=localhost port=5672 virtual_host=/ ssl=False>>>
INFO:pika.channel:Received <Channel.CloseOk> on <Channel number=1 CLOSING conn=<SelectConnection OPEN transport=<pika.adapters.utils.io_services_utils._AsyncPlaintextTransport object at 0x00000249B1D95C50> params=<ConnectionParameters host=localhost port=5672 virtual_host=/ ssl=False>>>
INFO:pika.connection:Closing connection (200): 'Normal shutdown'
INFO:pika.adapters.utils.io_services_utils:Aborting transport connection: state=1; <socket.socket fd=864, family=23, type=1, proto=6, laddr=('::1', 50773, 0, 0), raddr=('::1', 5672, 0, 0)>
INFO:pika.adapters.utils.io_services_utils:_AsyncTransportBase._initate_abort(): Initiating abrupt asynchronous transport shutdown: state=1; error=None; <socket.socket fd=864, family=23, type=1, proto=6, laddr=('::1', 50773, 0, 0), raddr=('::1', 5672, 0, 0)>
INFO:pika.adapters.utils.io_services_utils:Deactivating transport: state=1; <socket.socket fd=864, family=23, type=1, proto=6, laddr=('::1', 50773, 0, 0), raddr=('::1', 5672, 0, 0)>
INFO:pika.connection:AMQP stack terminated, failed to connect, or aborted: opened=True, error-arg=None; pending-error=ConnectionClosedByClient: (200) 'Normal shutdown'
INFO:pika.connection:Stack terminated due to ConnectionClosedByClient: (200) 'Normal shutdown'
INFO:pika.adapters.utils.io_services_utils:Closing transport socket and unlinking: state=3; <socket.socket fd=864, family=23, type=1, proto=6, laddr=('::1', 50773, 0, 0), raddr=('::1', 5672, 0, 0)>
INFO:pika.adapters.blocking_connection:User-initiated close: result=BlockingConnection__OnClosedArgs(connection=<SelectConnection CLOSED transport=None params=<ConnectionParameters host=localhost port=5672 virtual_host=/ ssl=False>>, error=ConnectionClosedByClient: (200) 'Normal shutdown')
INFO:__main__:calendar.invite processed successfully | message_id=35d4f361-62da-4a12-9669-ea138d6fa456
INFO:__main__:Message received on routing key 'frontend.to.planning.session.delete'
INFO:__main__:Handling session_delete_request | message_id=05282882-84f2-4504-9d09-96fd26d42efd | session_id=a3f223fd-7ee7-49f7-8a96-8af9df0e6e65
INFO:calendar_service:Message logged | type=session_delete_request | message_id=05282882-84f2-4504-9d09-96fd26d42efd | source=frontend
INFO:calendar_service:Session deleted | session_id=a3f223fd-7ee7-49f7-8a96-8af9df0e6e65 | reason=cancelled | deleted_by=frontend
INFO:calendar_service:Session event logged | type=session_delete_request | session_id=a3f223fd-7ee7-49f7-8a96-8af9df0e6e65 | message_id=05282882-84f2-4504-9d09-96fd26d42efd
INFO:calendar_service:Message status updated | message_id=05282882-84f2-4504-9d09-96fd26d42efd | status=processed
INFO:graph_service:No Outlook users found for session_id=a3f223fd-7ee7-49f7-8a96-8af9df0e6e65 — skipping Graph cancel
INFO:producer:Built XML for session_deleted:
<message xmlns="urn:integration:planning:v1">
  <header>
    <message_id>97812c82-5210-4bd0-854b-584daee946b8</message_id>
    <timestamp>2026-04-29T14:29:07.526540+00:00</timestamp>
    <source>planning</source>
    <type>session_deleted</type>
    <version>1.0</version>
    <correlation_id>11785ccc-3fae-45c4-bca0-999bd2f8485a</correlation_id>
  </header>
  <body>
    <session_id>a3f223fd-7ee7-49f7-8a96-8af9df0e6e65</session_id>
    <reason>cancelled</reason>
    <deleted_by>frontend</deleted_by>
  </body>
</message>

INFO:pika.adapters.utils.connection_workflow:Pika version 1.3.1 connecting to ('::1', 5672, 0, 0)
INFO:pika.adapters.utils.io_services_utils:Socket connected: <socket.socket fd=1200, family=23, type=1, proto=6, laddr=('::1', 52205, 0, 0), raddr=('::1', 5672, 0, 0)>
INFO:pika.adapters.utils.connection_workflow:Streaming transport linked up: (<pika.adapters.utils.io_services_utils._AsyncPlaintextTransport object at 0x00000249B1DA4AD0>, _StreamingProtocolShim: <SelectConnection PROTOCOL transport=<pika.adapters.utils.io_services_utils._AsyncPlaintextTransport object at 0x00000249B1DA4AD0> params=<ConnectionParameters host=localhost port=5672 virtual_host=/ ssl=False>>).
INFO:pika.adapters.utils.connection_workflow:AMQPConnector - reporting success: <SelectConnection OPEN transport=<pika.adapters.utils.io_services_utils._AsyncPlaintextTransport object at 0x00000249B1DA4AD0> params=<ConnectionParameters host=localhost port=5672 virtual_host=/ ssl=False>>
INFO:pika.adapters.utils.connection_workflow:AMQPConnectionWorkflow - reporting success: <SelectConnection OPEN transport=<pika.adapters.utils.io_services_utils._AsyncPlaintextTransport object at 0x00000249B1DA4AD0> params=<ConnectionParameters host=localhost port=5672 virtual_host=/ ssl=False>>
INFO:pika.adapters.blocking_connection:Connection workflow succeeded: <SelectConnection OPEN transport=<pika.adapters.utils.io_services_utils._AsyncPlaintextTransport object at 0x00000249B1DA4AD0> params=<ConnectionParameters host=localhost port=5672 virtual_host=/ ssl=False>>
INFO:pika.adapters.blocking_connection:Created channel=1
INFO:producer:Message published | routing_key=planning.to.frontend.session.deleted
INFO:pika.adapters.blocking_connection:Closing connection (200): Normal shutdown
INFO:pika.channel:Closing channel (200): 'Normal shutdown' on <Channel number=1 OPEN conn=<SelectConnection OPEN transport=<pika.adapters.utils.io_services_utils._AsyncPlaintextTransport object at 0x00000249B1DA4AD0> params=<ConnectionParameters host=localhost port=5672 virtual_host=/ ssl=False>>>
INFO:pika.channel:Received <Channel.CloseOk> on <Channel number=1 CLOSING conn=<SelectConnection OPEN transport=<pika.adapters.utils.io_services_utils._AsyncPlaintextTransport object at 0x00000249B1DA4AD0> params=<ConnectionParameters host=localhost port=5672 virtual_host=/ ssl=False>>>
INFO:pika.connection:Closing connection (200): 'Normal shutdown'
INFO:pika.adapters.utils.io_services_utils:Aborting transport connection: state=1; <socket.socket fd=1200, family=23, type=1, proto=6, laddr=('::1', 52205, 0, 0), raddr=('::1', 5672, 0, 0)>
INFO:pika.adapters.utils.io_services_utils:_AsyncTransportBase._initate_abort(): Initiating abrupt asynchronous transport shutdown: state=1; error=None; <socket.socket fd=1200, family=23, type=1, proto=6, laddr=('::1', 52205, 0, 0), raddr=('::1', 5672, 0, 0)>
INFO:pika.adapters.utils.io_services_utils:Deactivating transport: state=1; <socket.socket fd=1200, family=23, type=1, proto=6, laddr=('::1', 52205, 0, 0), raddr=('::1', 5672, 0, 0)>
INFO:pika.connection:AMQP stack terminated, failed to connect, or aborted: opened=True, error-arg=None; pending-error=ConnectionClosedByClient: (200) 'Normal shutdown'
INFO:pika.connection:Stack terminated due to ConnectionClosedByClient: (200) 'Normal shutdown'
INFO:pika.adapters.utils.io_services_utils:Closing transport socket and unlinking: state=3; <socket.socket fd=1200, family=23, type=1, proto=6, laddr=('::1', 52205, 0, 0), raddr=('::1', 5672, 0, 0)>
INFO:pika.adapters.blocking_connection:User-initiated close: result=BlockingConnection__OnClosedArgs(connection=<SelectConnection CLOSED transport=None params=<ConnectionParameters host=localhost port=5672 virtual_host=/ ssl=False>>, error=ConnectionClosedByClient: (200) 'Normal shutdown')
INFO:__main__:session_delete_request processed | message_id=05282882-84f2-4504-9d09-96fd26d42efd
INFO:__main__:Message received on routing key 'frontend.to.planning.session.create'
INFO:__main__:Handling session_create_request | message_id=5d67d1ae-de32-49d4-b6bc-12c61bb16521 | session_id=01ed18f5-abf0-47ac-8e77-6e43b8bdfd7d
INFO:calendar_service:Message logged | type=session_create_request | message_id=5d67d1ae-de32-49d4-b6bc-12c61bb16521 | source=frontend
INFO:calendar_service:Session created/updated | session_id=01ed18f5-abf0-47ac-8e77-6e43b8bdfd7d | title=zefgezrg | status=published
INFO:calendar_service:Session event logged | type=session_create_request | session_id=01ed18f5-abf0-47ac-8e77-6e43b8bdfd7d | message_id=5d67d1ae-de32-49d4-b6bc-12c61bb16521
INFO:calendar_service:Message status updated | message_id=5d67d1ae-de32-49d4-b6bc-12c61bb16521 | status=processed
INFO:producer:Built XML for session_created:
<message xmlns="urn:integration:planning:v1">
  <header>
    <message_id>398066a2-2701-40a3-9130-44be7be0e83b</message_id>
    <timestamp>2026-04-29T14:29:32.181807+00:00</timestamp>
    <source>planning</source>
    <type>session_created</type>
    <version>1.0</version>
    <correlation_id>565faa04-ba1a-47a8-baa1-c4741b28f60a</correlation_id>
  </header>
  <body>
    <session_id>01ed18f5-abf0-47ac-8e77-6e43b8bdfd7d</session_id>
    <title>zefgezrg</title>
    <start_datetime>2026-05-13T14:00:00Z</start_datetime>
    <end_datetime>2026-05-17T15:00:00Z</end_datetime>
    <location>Aula A - Campus Jette</location>
    <session_type>panel</session_type>
    <status>published</status>
    <max_attendees>120</max_attendees>
    <current_attendees>0</current_attendees>
  </body>
</message>

INFO:pika.adapters.utils.connection_workflow:Pika version 1.3.1 connecting to ('::1', 5672, 0, 0)
INFO:pika.adapters.utils.io_services_utils:Socket connected: <socket.socket fd=1228, family=23, type=1, proto=6, laddr=('::1', 53668, 0, 0), raddr=('::1', 5672, 0, 0)>
INFO:pika.adapters.utils.connection_workflow:Streaming transport linked up: (<pika.adapters.utils.io_services_utils._AsyncPlaintextTransport object at 0x00000249B1DA55D0>, _StreamingProtocolShim: <SelectConnection PROTOCOL transport=<pika.adapters.utils.io_services_utils._AsyncPlaintextTransport object at 0x00000249B1DA55D0> params=<ConnectionParameters host=localhost port=5672 virtual_host=/ ssl=False>>).
INFO:pika.adapters.utils.connection_workflow:AMQPConnector - reporting success: <SelectConnection OPEN transport=<pika.adapters.utils.io_services_utils._AsyncPlaintextTransport object at 0x00000249B1DA55D0> params=<ConnectionParameters host=localhost port=5672 virtual_host=/ ssl=False>>
INFO:pika.adapters.utils.connection_workflow:AMQPConnectionWorkflow - reporting success: <SelectConnection OPEN transport=<pika.adapters.utils.io_services_utils._AsyncPlaintextTransport object at 0x00000249B1DA55D0> params=<ConnectionParameters host=localhost port=5672 virtual_host=/ ssl=False>>
INFO:pika.adapters.blocking_connection:Connection workflow succeeded: <SelectConnection OPEN transport=<pika.adapters.utils.io_services_utils._AsyncPlaintextTransport object at 0x00000249B1DA55D0> params=<ConnectionParameters host=localhost port=5672 virtual_host=/ ssl=False>>
INFO:pika.adapters.blocking_connection:Created channel=1
INFO:producer:Message published | routing_key=planning.to.frontend.session.created
INFO:pika.adapters.blocking_connection:Closing connection (200): Normal shutdown
INFO:pika.channel:Closing channel (200): 'Normal shutdown' on <Channel number=1 OPEN conn=<SelectConnection OPEN transport=<pika.adapters.utils.io_services_utils._AsyncPlaintextTransport object at 0x00000249B1DA55D0> params=<ConnectionParameters host=localhost port=5672 virtual_host=/ ssl=False>>>
INFO:pika.channel:Received <Channel.CloseOk> on <Channel number=1 CLOSING conn=<SelectConnection OPEN transport=<pika.adapters.utils.io_services_utils._AsyncPlaintextTransport object at 0x00000249B1DA55D0> params=<ConnectionParameters host=localhost port=5672 virtual_host=/ ssl=False>>>
INFO:pika.connection:Closing connection (200): 'Normal shutdown'
INFO:pika.adapters.utils.io_services_utils:Aborting transport connection: state=1; <socket.socket fd=1228, family=23, type=1, proto=6, laddr=('::1', 53668, 0, 0), raddr=('::1', 5672, 0, 0)>
INFO:pika.adapters.utils.io_services_utils:_AsyncTransportBase._initate_abort(): Initiating abrupt asynchronous transport shutdown: state=1; error=None; <socket.socket fd=1228, family=23, type=1, proto=6, laddr=('::1', 53668, 0, 0), raddr=('::1', 5672, 0, 0)>
INFO:pika.adapters.utils.io_services_utils:Deactivating transport: state=1; <socket.socket fd=1228, family=23, type=1, proto=6, laddr=('::1', 53668, 0, 0), raddr=('::1', 5672, 0, 0)>
INFO:pika.connection:AMQP stack terminated, failed to connect, or aborted: opened=True, error-arg=None; pending-error=ConnectionClosedByClient: (200) 'Normal shutdown'
INFO:pika.connection:Stack terminated due to ConnectionClosedByClient: (200) 'Normal shutdown'
INFO:pika.adapters.utils.io_services_utils:Closing transport socket and unlinking: state=3; <socket.socket fd=1228, family=23, type=1, proto=6, laddr=('::1', 53668, 0, 0), raddr=('::1', 5672, 0, 0)>
INFO:pika.adapters.blocking_connection:User-initiated close: result=BlockingConnection__OnClosedArgs(connection=<SelectConnection CLOSED transport=None params=<ConnectionParameters host=localhost port=5672 virtual_host=/ ssl=False>>, error=ConnectionClosedByClient: (200) 'Normal shutdown')
INFO:__main__:session_create_request processed | message_id=5d67d1ae-de32-49d4-b6bc-12c61bb16521
INFO:__main__:Message received on routing key 'frontend.to.planning.calendar.invite'
INFO:__main__:Handling calendar.invite | message_id=0fec4b10-ceeb-48f7-8c3c-4e4cf1f226fb | session_id=01ed18f5-abf0-47ac-8e77-6e43b8bdfd7d | title=zefgezrg
INFO:calendar_service:Message logged | type=calendar.invite | message_id=0fec4b10-ceeb-48f7-8c3c-4e4cf1f226fb | source=frontend
INFO:calendar_service:Session created/updated | session_id=01ed18f5-abf0-47ac-8e77-6e43b8bdfd7d | title=zefgezrg | status=published
ERROR:calendar_service:Database error while creating calendar invite: column "status" of relation "calendar_invites" does not exist
LINE 3: ...d, title, start_datetime, end_datetime, location, status, us...
                                                             ^

INFO:calendar_service:Message status updated | message_id=0fec4b10-ceeb-48f7-8c3c-4e4cf1f226fb | status=processed
INFO:graph_client:Outlook event created | session_id=01ed18f5-abf0-47ac-8e77-6e43b8bdfd7d | event_id=AQMkADAwATM0MDAAMS05OQBiMC1iZjU2LTAwAi0wMAoARgAAA7PThhR66JxFpzUuYjFz9-UHAFHNlaPzq4VIo06QBa5X4xEAAAIBDQAAAFHNlaPzq4VIo06QBa5X4xEACN6G-PwAAAAA
INFO:graph_service:Graph sync created | session_id=01ed18f5-abf0-47ac-8e77-6e43b8bdfd7d | user_id=yeddouks@hotmail.be | event_id=AQMkADAwATM0MDAAMS05OQBiMC1iZjU2LTAwAi0wMAoARgAAA7PThhR66JxFpzUuYjFz9-UHAFHNlaPzq4VIo06QBa5X4xEAAAIBDQAAAFHNlaPzq4VIo06QBa5X4xEACN6G-PwAAAAA
INFO:producer:Built XML for calendar.invite.confirmed:
<message xmlns="urn:integration:planning:v1">
  <header>
    <message_id>bbab6ede-0b76-41f7-b756-d3a87177819e</message_id>
    <timestamp>2026-04-29T14:29:36.559296+00:00</timestamp>
    <source>planning</source>
    <type>calendar.invite.confirmed</type>
    <version>1.0</version>
    <correlation_id>139c44f3-b3f9-4e47-ac8a-486e567cf598</correlation_id>
  </header>
  <body>
    <session_id>01ed18f5-abf0-47ac-8e77-6e43b8bdfd7d</session_id>
    <original_message_id>0fec4b10-ceeb-48f7-8c3c-4e4cf1f226fb</original_message_id>
    <status>confirmed</status>
  </body>
</message>

INFO:pika.adapters.utils.connection_workflow:Pika version 1.3.1 connecting to ('::1', 5672, 0, 0)
INFO:pika.adapters.utils.io_services_utils:Socket connected: <socket.socket fd=752, family=23, type=1, proto=6, laddr=('::1', 52497, 0, 0), raddr=('::1', 5672, 0, 0)>
INFO:pika.adapters.utils.connection_workflow:Streaming transport linked up: (<pika.adapters.utils.io_services_utils._AsyncPlaintextTransport object at 0x00000249B1DA7D90>, _StreamingProtocolShim: <SelectConnection PROTOCOL transport=<pika.adapters.utils.io_services_utils._AsyncPlaintextTransport object at 0x00000249B1DA7D90> params=<ConnectionParameters host=localhost port=5672 virtual_host=/ ssl=False>>).
INFO:pika.adapters.utils.connection_workflow:AMQPConnector - reporting success: <SelectConnection OPEN transport=<pika.adapters.utils.io_services_utils._AsyncPlaintextTransport object at 0x00000249B1DA7D90> params=<ConnectionParameters host=localhost port=5672 virtual_host=/ ssl=False>>
INFO:pika.adapters.utils.connection_workflow:AMQPConnectionWorkflow - reporting success: <SelectConnection OPEN transport=<pika.adapters.utils.io_services_utils._AsyncPlaintextTransport object at 0x00000249B1DA7D90> params=<ConnectionParameters host=localhost port=5672 virtual_host=/ ssl=False>>
INFO:pika.adapters.blocking_connection:Connection workflow succeeded: <SelectConnection OPEN transport=<pika.adapters.utils.io_services_utils._AsyncPlaintextTransport object at 0x00000249B1DA7D90> params=<ConnectionParameters host=localhost port=5672 virtual_host=/ ssl=False>>
INFO:pika.adapters.blocking_connection:Created channel=1
INFO:producer:Message published | routing_key=planning.to.frontend.calendar.invite.confirmed
INFO:pika.adapters.blocking_connection:Closing connection (200): Normal shutdown
INFO:pika.channel:Closing channel (200): 'Normal shutdown' on <Channel number=1 OPEN conn=<SelectConnection OPEN transport=<pika.adapters.utils.io_services_utils._AsyncPlaintextTransport object at 0x00000249B1DA7D90> params=<ConnectionParameters host=localhost port=5672 virtual_host=/ ssl=False>>>
INFO:pika.channel:Received <Channel.CloseOk> on <Channel number=1 CLOSING conn=<SelectConnection OPEN transport=<pika.adapters.utils.io_services_utils._AsyncPlaintextTransport object at 0x00000249B1DA7D90> params=<ConnectionParameters host=localhost port=5672 virtual_host=/ ssl=False>>>
INFO:pika.connection:Closing connection (200): 'Normal shutdown'
INFO:pika.adapters.utils.io_services_utils:Aborting transport connection: state=1; <socket.socket fd=752, family=23, type=1, proto=6, laddr=('::1', 52497, 0, 0), raddr=('::1', 5672, 0, 0)>
INFO:pika.adapters.utils.io_services_utils:_AsyncTransportBase._initate_abort(): Initiating abrupt asynchronous transport shutdown: state=1; error=None; <socket.socket fd=752, family=23, type=1, proto=6, laddr=('::1', 52497, 0, 0), raddr=('::1', 5672, 0, 0)>
INFO:pika.adapters.utils.io_services_utils:Deactivating transport: state=1; <socket.socket fd=752, family=23, type=1, proto=6, laddr=('::1', 52497, 0, 0), raddr=('::1', 5672, 0, 0)>
INFO:pika.connection:AMQP stack terminated, failed to connect, or aborted: opened=True, error-arg=None; pending-error=ConnectionClosedByClient: (200) 'Normal shutdown'
INFO:pika.connection:Stack terminated due to ConnectionClosedByClient: (200) 'Normal shutdown'
INFO:pika.adapters.utils.io_services_utils:Closing transport socket and unlinking: state=3; <socket.socket fd=752, family=23, type=1, proto=6, laddr=('::1', 52497, 0, 0), raddr=('::1', 5672, 0, 0)>
INFO:pika.adapters.blocking_connection:User-initiated close: result=BlockingConnection__OnClosedArgs(connection=<SelectConnection CLOSED transport=None params=<ConnectionParameters host=localhost port=5672 virtual_host=/ ssl=False>>, error=ConnectionClosedByClient: (200) 'Normal shutdown')
INFO:__main__:calendar.invite processed successfully | message_id=0fec4b10-ceeb-48f7-8c3c-4e4cf1f226fb
INFO:__main__:Message received on routing key 'frontend.to.planning.calendar.invite'
INFO:__main__:Handling calendar.invite | message_id=7a1fcc5a-4259-4a0d-977c-6fb464720746 | session_id=01ed18f5-abf0-47ac-8e77-6e43b8bdfd7d | title=zefgezrg
INFO:calendar_service:Message logged | type=calendar.invite | message_id=7a1fcc5a-4259-4a0d-977c-6fb464720746 | source=frontend
INFO:calendar_service:Session created/updated | session_id=01ed18f5-abf0-47ac-8e77-6e43b8bdfd7d | title=zefgezrg | status=published
ERROR:calendar_service:Database error while creating calendar invite: column "status" of relation "calendar_invites" does not exist
LINE 3: ...d, title, start_datetime, end_datetime, location, status, us...
                                                             ^

INFO:calendar_service:Message status updated | message_id=7a1fcc5a-4259-4a0d-977c-6fb464720746 | status=processed
WARNING:token_service:No tokens registered for user_id=eddouksy@gmail.com
WARNING:graph_service:No token registered for user_id=eddouksy@gmail.com — Outlook sync disabled
WARNING:token_service:No tokens registered for user_id=eddouksy@gmail.com
INFO:__main__:ICS feed URL generated | user_id=eddouksy@gmail.com | url=http://localhost:30050/ical/eddouksy@gmail.com?token=f726b67c-1856-4605-87a5-e9a71ba63374
INFO:producer:Built XML for calendar.invite.confirmed:
<message xmlns="urn:integration:planning:v1">
  <header>
    <message_id>b176260a-44be-41d2-bade-1d71c2a2d53e</message_id>
    <timestamp>2026-04-29T14:30:08.473002+00:00</timestamp>
    <source>planning</source>
    <type>calendar.invite.confirmed</type>
    <version>1.0</version>
    <correlation_id>4d14ea69-febe-49c4-87ae-4e999784665b</correlation_id>
  </header>
  <body>
    <session_id>01ed18f5-abf0-47ac-8e77-6e43b8bdfd7d</session_id>
    <original_message_id>7a1fcc5a-4259-4a0d-977c-6fb464720746</original_message_id>
    <status>confirmed</status>
    <ics_url>http://localhost:30050/ical/eddouksy@gmail.com?token=f726b67c-1856-4605-87a5-e9a71ba63374</ics_url>
  </body>
</message>

INFO:pika.adapters.utils.connection_workflow:Pika version 1.3.1 connecting to ('::1', 5672, 0, 0)
INFO:pika.adapters.utils.io_services_utils:Socket connected: <socket.socket fd=1160, family=23, type=1, proto=6, laddr=('::1', 54112, 0, 0), raddr=('::1', 5672, 0, 0)>
INFO:pika.adapters.utils.connection_workflow:Streaming transport linked up: (<pika.adapters.utils.io_services_utils._AsyncPlaintextTransport object at 0x00000249B1DB0510>, _StreamingProtocolShim: <SelectConnection PROTOCOL transport=<pika.adapters.utils.io_services_utils._AsyncPlaintextTransport object at 0x00000249B1DB0510> params=<ConnectionParameters host=localhost port=5672 virtual_host=/ ssl=False>>).
INFO:pika.adapters.utils.connection_workflow:AMQPConnector - reporting success: <SelectConnection OPEN transport=<pika.adapters.utils.io_services_utils._AsyncPlaintextTransport object at 0x00000249B1DB0510> params=<ConnectionParameters host=localhost port=5672 virtual_host=/ ssl=False>>
INFO:pika.adapters.utils.connection_workflow:AMQPConnectionWorkflow - reporting success: <SelectConnection OPEN transport=<pika.adapters.utils.io_services_utils._AsyncPlaintextTransport object at 0x00000249B1DB0510> params=<ConnectionParameters host=localhost port=5672 virtual_host=/ ssl=False>>
INFO:pika.adapters.blocking_connection:Connection workflow succeeded: <SelectConnection OPEN transport=<pika.adapters.utils.io_services_utils._AsyncPlaintextTransport object at 0x00000249B1DB0510> params=<ConnectionParameters host=localhost port=5672 virtual_host=/ ssl=False>>
INFO:pika.adapters.blocking_connection:Created channel=1
INFO:producer:Message published | routing_key=planning.to.frontend.calendar.invite.confirmed
INFO:pika.adapters.blocking_connection:Closing connection (200): Normal shutdown
INFO:pika.channel:Closing channel (200): 'Normal shutdown' on <Channel number=1 OPEN conn=<SelectConnection OPEN transport=<pika.adapters.utils.io_services_utils._AsyncPlaintextTransport object at 0x00000249B1DB0510> params=<ConnectionParameters host=localhost port=5672 virtual_host=/ ssl=False>>>
INFO:pika.channel:Received <Channel.CloseOk> on <Channel number=1 CLOSING conn=<SelectConnection OPEN transport=<pika.adapters.utils.io_services_utils._AsyncPlaintextTransport object at 0x00000249B1DB0510> params=<ConnectionParameters host=localhost port=5672 virtual_host=/ ssl=False>>>
INFO:pika.connection:Closing connection (200): 'Normal shutdown'
INFO:pika.adapters.utils.io_services_utils:Aborting transport connection: state=1; <socket.socket fd=1160, family=23, type=1, proto=6, laddr=('::1', 54112, 0, 0), raddr=('::1', 5672, 0, 0)>
INFO:pika.adapters.utils.io_services_utils:_AsyncTransportBase._initate_abort(): Initiating abrupt asynchronous transport shutdown: state=1; error=None; <socket.socket fd=1160, family=23, type=1, proto=6, laddr=('::1', 54112, 0, 0), raddr=('::1', 5672, 0, 0)>
INFO:pika.adapters.utils.io_services_utils:Deactivating transport: state=1; <socket.socket fd=1160, family=23, type=1, proto=6, laddr=('::1', 54112, 0, 0), raddr=('::1', 5672, 0, 0)>
INFO:pika.connection:AMQP stack terminated, failed to connect, or aborted: opened=True, error-arg=None; pending-error=ConnectionClosedByClient: (200) 'Normal shutdown'
INFO:pika.connection:Stack terminated due to ConnectionClosedByClient: (200) 'Normal shutdown'
INFO:pika.adapters.utils.io_services_utils:Closing transport socket and unlinking: state=3; <socket.socket fd=1160, family=23, type=1, proto=6, laddr=('::1', 54112, 0, 0), raddr=('::1', 5672, 0, 0)>
INFO:pika.adapters.blocking_connection:User-initiated close: result=BlockingConnection__OnClosedArgs(connection=<SelectConnection CLOSED transport=None params=<ConnectionParameters host=localhost port=5672 virtual_host=/ ssl=False>>, error=ConnectionClosedByClient: (200) 'Normal shutdown')
INFO:__main__:calendar.invite processed successfully | message_id=7a1fcc5a-4259-4a0d-977c-6fb464720746
----------------------------------------
Exception occurred during processing of request from ('127.0.0.1', 58457)
Traceback (most recent call last):
  File "C:\Users\yeddo\AppData\Local\Programs\Python\Python311\Lib\socketserver.py", line 317, in _handle_request_noblock
    self.process_request(request, client_address)
  File "C:\Users\yeddo\AppData\Local\Programs\Python\Python311\Lib\socketserver.py", line 348, in process_request
    self.finish_request(request, client_address)
  File "C:\Users\yeddo\AppData\Local\Programs\Python\Python311\Lib\socketserver.py", line 361, in finish_request
    self.RequestHandlerClass(request, client_address, self)
  File "C:\Users\yeddo\AppData\Local\Programs\Python\Python311\Lib\socketserver.py", line 755, in __init__
    self.handle()
  File "C:\Users\yeddo\AppData\Local\Programs\Python\Python311\Lib\http\server.py", line 436, in handle
    self.handle_one_request()
  File "C:\Users\yeddo\AppData\Local\Programs\Python\Python311\Lib\http\server.py", line 424, in handle_one_request
    method()
  File "C:\Dev\Planning\consumer.py", line 772, in do_GET
    self._handle_ics_feed(parsed)
  File "C:\Dev\Planning\consumer.py", line 786, in _handle_ics_feed
    from ics_service import build_ics
  File "C:\Dev\Planning\ics_service.py", line 17, in <module>
    from icalendar import Calendar, Event
ModuleNotFoundError: No module named 'icalendar'
----------------------------------------
----------------------------------------
Exception occurred during processing of request from ('127.0.0.1', 53105)
Traceback (most recent call last):
  File "C:\Users\yeddo\AppData\Local\Programs\Python\Python311\Lib\socketserver.py", line 317, in _handle_request_noblock
    self.process_request(request, client_address)
  File "C:\Users\yeddo\AppData\Local\Programs\Python\Python311\Lib\socketserver.py", line 348, in process_request
    self.finish_request(request, client_address)
  File "C:\Users\yeddo\AppData\Local\Programs\Python\Python311\Lib\socketserver.py", line 361, in finish_request
    self.RequestHandlerClass(request, client_address, self)
  File "C:\Users\yeddo\AppData\Local\Programs\Python\Python311\Lib\socketserver.py", line 755, in __init__
    self.handle()
  File "C:\Users\yeddo\AppData\Local\Programs\Python\Python311\Lib\http\server.py", line 436, in handle
    self.handle_one_request()
  File "C:\Users\yeddo\AppData\Local\Programs\Python\Python311\Lib\http\server.py", line 424, in handle_one_request
    method()
  File "C:\Dev\Planning\consumer.py", line 772, in do_GET
    self._handle_ics_feed(parsed)
  File "C:\Dev\Planning\consumer.py", line 786, in _handle_ics_feed
    from ics_service import build_ics
  File "C:\Dev\Planning\ics_service.py", line 17, in <module>
    from icalendar import Calendar, Event
ModuleNotFoundError: No module named 'icalendar'
----------------------------------------
----------------------------------------
Exception occurred during processing of request from ('127.0.0.1', 52527)
Traceback (most recent call last):
  File "C:\Users\yeddo\AppData\Local\Programs\Python\Python311\Lib\socketserver.py", line 317, in _handle_request_noblock
    self.process_request(request, client_address)
  File "C:\Users\yeddo\AppData\Local\Programs\Python\Python311\Lib\socketserver.py", line 348, in process_request
    self.finish_request(request, client_address)
  File "C:\Users\yeddo\AppData\Local\Programs\Python\Python311\Lib\socketserver.py", line 361, in finish_request
    self.RequestHandlerClass(request, client_address, self)
  File "C:\Users\yeddo\AppData\Local\Programs\Python\Python311\Lib\socketserver.py", line 755, in __init__
    self.handle()
  File "C:\Users\yeddo\AppData\Local\Programs\Python\Python311\Lib\http\server.py", line 436, in handle
    self.handle_one_request()
  File "C:\Users\yeddo\AppData\Local\Programs\Python\Python311\Lib\http\server.py", line 424, in handle_one_request
    method()
  File "C:\Dev\Planning\consumer.py", line 772, in do_GET
    self._handle_ics_feed(parsed)
  File "C:\Dev\Planning\consumer.py", line 786, in _handle_ics_feed
    from ics_service import build_ics
  File "C:\Dev\Planning\ics_service.py", line 17, in <module>
    from icalendar import Calendar, Event
ModuleNotFoundError: No module named 'icalendar'
----------------------------------------
----------------------------------------
Exception occurred during processing of request from ('127.0.0.1', 62538)
Traceback (most recent call last):
  File "C:\Users\yeddo\AppData\Local\Programs\Python\Python311\Lib\socketserver.py", line 317, in _handle_request_noblock
    self.process_request(request, client_address)
  File "C:\Users\yeddo\AppData\Local\Programs\Python\Python311\Lib\socketserver.py", line 348, in process_request
    self.finish_request(request, client_address)
  File "C:\Users\yeddo\AppData\Local\Programs\Python\Python311\Lib\socketserver.py", line 361, in finish_request
    self.RequestHandlerClass(request, client_address, self)
  File "C:\Users\yeddo\AppData\Local\Programs\Python\Python311\Lib\socketserver.py", line 755, in __init__
    self.handle()
  File "C:\Users\yeddo\AppData\Local\Programs\Python\Python311\Lib\http\server.py", line 436, in handle
    self.handle_one_request()
  File "C:\Users\yeddo\AppData\Local\Programs\Python\Python311\Lib\http\server.py", line 424, in handle_one_request
    method()
  File "C:\Dev\Planning\consumer.py", line 772, in do_GET
    self._handle_ics_feed(parsed)
  File "C:\Dev\Planning\consumer.py", line 786, in _handle_ics_feed
    from ics_service import build_ics
  File "C:\Dev\Planning\ics_service.py", line 17, in <module>
    from icalendar import Calendar, Event
ModuleNotFoundError: No module named 'icalendar'
----------------------------------------
----------------------------------------
Exception occurred during processing of request from ('127.0.0.1', 56711)
Traceback (most recent call last):
  File "C:\Users\yeddo\AppData\Local\Programs\Python\Python311\Lib\socketserver.py", line 317, in _handle_request_noblock
    self.process_request(request, client_address)
  File "C:\Users\yeddo\AppData\Local\Programs\Python\Python311\Lib\socketserver.py", line 348, in process_request
    self.finish_request(request, client_address)
  File "C:\Users\yeddo\AppData\Local\Programs\Python\Python311\Lib\socketserver.py", line 361, in finish_request
    self.RequestHandlerClass(request, client_address, self)
  File "C:\Users\yeddo\AppData\Local\Programs\Python\Python311\Lib\socketserver.py", line 755, in __init__
    self.handle()
  File "C:\Users\yeddo\AppData\Local\Programs\Python\Python311\Lib\http\server.py", line 436, in handle
    self.handle_one_request()
  File "C:\Users\yeddo\AppData\Local\Programs\Python\Python311\Lib\http\server.py", line 424, in handle_one_request
    method()
  File "C:\Dev\Planning\consumer.py", line 772, in do_GET
    self._handle_ics_feed(parsed)
  File "C:\Dev\Planning\consumer.py", line 786, in _handle_ics_feed
    from ics_service import build_ics
  File "C:\Dev\Planning\ics_service.py", line 17, in <module>
    from icalendar import Calendar, Event
ModuleNotFoundError: No module named 'icalendar'
----------------------------------------
----------------------------------------
Exception occurred during processing of request from ('127.0.0.1', 59310)
Traceback (most recent call last):
  File "C:\Users\yeddo\AppData\Local\Programs\Python\Python311\Lib\socketserver.py", line 317, in _handle_request_noblock
    self.process_request(request, client_address)
  File "C:\Users\yeddo\AppData\Local\Programs\Python\Python311\Lib\socketserver.py", line 348, in process_request
    self.finish_request(request, client_address)
  File "C:\Users\yeddo\AppData\Local\Programs\Python\Python311\Lib\socketserver.py", line 361, in finish_request
    self.RequestHandlerClass(request, client_address, self)
  File "C:\Users\yeddo\AppData\Local\Programs\Python\Python311\Lib\socketserver.py", line 755, in __init__
    self.handle()
  File "C:\Users\yeddo\AppData\Local\Programs\Python\Python311\Lib\http\server.py", line 436, in handle
    self.handle_one_request()
  File "C:\Users\yeddo\AppData\Local\Programs\Python\Python311\Lib\http\server.py", line 424, in handle_one_request
    method()
  File "C:\Dev\Planning\consumer.py", line 772, in do_GET
    self._handle_ics_feed(parsed)
  File "C:\Dev\Planning\consumer.py", line 786, in _handle_ics_feed
    from ics_service import build_ics
  File "C:\Dev\Planning\ics_service.py", line 17, in <module>
    from icalendar import Calendar, Event
ModuleNotFoundError: No module named 'icalendar'
----------------------------------------
----------------------------------------
Exception occurred during processing of request from ('127.0.0.1', 51426)
Traceback (most recent call last):
  File "C:\Users\yeddo\AppData\Local\Programs\Python\Python311\Lib\socketserver.py", line 317, in _handle_request_noblock
    self.process_request(request, client_address)
  File "C:\Users\yeddo\AppData\Local\Programs\Python\Python311\Lib\socketserver.py", line 348, in process_request
    self.finish_request(request, client_address)
  File "C:\Users\yeddo\AppData\Local\Programs\Python\Python311\Lib\socketserver.py", line 361, in finish_request
    self.RequestHandlerClass(request, client_address, self)
  File "C:\Users\yeddo\AppData\Local\Programs\Python\Python311\Lib\socketserver.py", line 755, in __init__
    self.handle()
  File "C:\Users\yeddo\AppData\Local\Programs\Python\Python311\Lib\http\server.py", line 436, in handle
    self.handle_one_request()
  File "C:\Users\yeddo\AppData\Local\Programs\Python\Python311\Lib\http\server.py", line 424, in handle_one_request
    method()
  File "C:\Dev\Planning\consumer.py", line 772, in do_GET
    self._handle_ics_feed(parsed)
  File "C:\Dev\Planning\consumer.py", line 786, in _handle_ics_feed
    from ics_service import build_ics
  File "C:\Dev\Planning\ics_service.py", line 17, in <module>
    from icalendar import Calendar, Event
ModuleNotFoundError: No module named 'icalendar'
----------------------------------------
----------------------------------------
Exception occurred during processing of request from ('127.0.0.1', 64920)
Traceback (most recent call last):
  File "C:\Users\yeddo\AppData\Local\Programs\Python\Python311\Lib\socketserver.py", line 317, in _handle_request_noblock
    self.process_request(request, client_address)
  File "C:\Users\yeddo\AppData\Local\Programs\Python\Python311\Lib\socketserver.py", line 348, in process_request
    self.finish_request(request, client_address)
  File "C:\Users\yeddo\AppData\Local\Programs\Python\Python311\Lib\socketserver.py", line 361, in finish_request
    self.RequestHandlerClass(request, client_address, self)
  File "C:\Users\yeddo\AppData\Local\Programs\Python\Python311\Lib\socketserver.py", line 755, in __init__
    self.handle()
  File "C:\Users\yeddo\AppData\Local\Programs\Python\Python311\Lib\http\server.py", line 436, in handle
    self.handle_one_request()
  File "C:\Users\yeddo\AppData\Local\Programs\Python\Python311\Lib\http\server.py", line 424, in handle_one_request
    method()
  File "C:\Dev\Planning\consumer.py", line 772, in do_GET
    self._handle_ics_feed(parsed)
  File "C:\Dev\Planning\consumer.py", line 786, in _handle_ics_feed
    from ics_service import build_ics
  File "C:\Dev\Planning\ics_service.py", line 17, in <module>
    from icalendar import Calendar, Event
ModuleNotFoundError: No module named 'icalendar'
----------------------------------------
----------------------------------------
Exception occurred during processing of request from ('127.0.0.1', 58812)
Traceback (most recent call last):
  File "C:\Users\yeddo\AppData\Local\Programs\Python\Python311\Lib\socketserver.py", line 317, in _handle_request_noblock
    self.process_request(request, client_address)
  File "C:\Users\yeddo\AppData\Local\Programs\Python\Python311\Lib\socketserver.py", line 348, in process_request
    self.finish_request(request, client_address)
  File "C:\Users\yeddo\AppData\Local\Programs\Python\Python311\Lib\socketserver.py", line 361, in finish_request
    self.RequestHandlerClass(request, client_address, self)
  File "C:\Users\yeddo\AppData\Local\Programs\Python\Python311\Lib\socketserver.py", line 755, in __init__
    self.handle()
  File "C:\Users\yeddo\AppData\Local\Programs\Python\Python311\Lib\http\server.py", line 436, in handle
    self.handle_one_request()
  File "C:\Users\yeddo\AppData\Local\Programs\Python\Python311\Lib\http\server.py", line 424, in handle_one_request
    method()
  File "C:\Dev\Planning\consumer.py", line 772, in do_GET
    self._handle_ics_feed(parsed)
  File "C:\Dev\Planning\consumer.py", line 786, in _handle_ics_feed
    from ics_service import build_ics
  File "C:\Dev\Planning\ics_service.py", line 17, in <module>
    from icalendar import Calendar, Event
ModuleNotFoundError: No module named 'icalendar'
----------------------------------------
----------------------------------------
Exception occurred during processing of request from ('127.0.0.1', 60257)
Traceback (most recent call last):
  File "C:\Users\yeddo\AppData\Local\Programs\Python\Python311\Lib\socketserver.py", line 317, in _handle_request_noblock
    self.process_request(request, client_address)
  File "C:\Users\yeddo\AppData\Local\Programs\Python\Python311\Lib\socketserver.py", line 348, in process_request
    self.finish_request(request, client_address)
  File "C:\Users\yeddo\AppData\Local\Programs\Python\Python311\Lib\socketserver.py", line 361, in finish_request
    self.RequestHandlerClass(request, client_address, self)
  File "C:\Users\yeddo\AppData\Local\Programs\Python\Python311\Lib\socketserver.py", line 755, in __init__
    self.handle()
  File "C:\Users\yeddo\AppData\Local\Programs\Python\Python311\Lib\http\server.py", line 436, in handle
    self.handle_one_request()
  File "C:\Users\yeddo\AppData\Local\Programs\Python\Python311\Lib\http\server.py", line 424, in handle_one_request
    method()
  File "C:\Dev\Planning\consumer.py", line 772, in do_GET
    self._handle_ics_feed(parsed)
  File "C:\Dev\Planning\consumer.py", line 786, in _handle_ics_feed
    from ics_service import build_ics
  File "C:\Dev\Planning\ics_service.py", line 17, in <module>
    from icalendar import Calendar, Event
ModuleNotFoundError: No module named 'icalendar'
----------------------------------------
----------------------------------------
Exception occurred during processing of request from ('127.0.0.1', 64649)
Traceback (most recent call last):
  File "C:\Users\yeddo\AppData\Local\Programs\Python\Python311\Lib\socketserver.py", line 317, in _handle_request_noblock
    self.process_request(request, client_address)
  File "C:\Users\yeddo\AppData\Local\Programs\Python\Python311\Lib\socketserver.py", line 348, in process_request
    self.finish_request(request, client_address)
  File "C:\Users\yeddo\AppData\Local\Programs\Python\Python311\Lib\socketserver.py", line 361, in finish_request
    self.RequestHandlerClass(request, client_address, self)
  File "C:\Users\yeddo\AppData\Local\Programs\Python\Python311\Lib\socketserver.py", line 755, in __init__
    self.handle()
  File "C:\Users\yeddo\AppData\Local\Programs\Python\Python311\Lib\http\server.py", line 436, in handle
    self.handle_one_request()
  File "C:\Users\yeddo\AppData\Local\Programs\Python\Python311\Lib\http\server.py", line 424, in handle_one_request
    method()
  File "C:\Dev\Planning\consumer.py", line 772, in do_GET
    self._handle_ics_feed(parsed)
  File "C:\Dev\Planning\consumer.py", line 786, in _handle_ics_feed
    from ics_service import build_ics
  File "C:\Dev\Planning\ics_service.py", line 17, in <module>
    from icalendar import Calendar, Event
ModuleNotFoundError: No module named 'icalendar'
----------------------------------------
INFO:__main__:Message received on routing key 'frontend.to.planning.session.create'
INFO:__main__:Handling session_create_request | message_id=d9379876-6d3e-4733-a3ba-c31fcd0a1341 | session_id=8d8214fd-5ec3-449e-be14-541c1a03d0a1
INFO:calendar_service:Message logged | type=session_create_request | message_id=d9379876-6d3e-4733-a3ba-c31fcd0a1341 | source=frontend
INFO:calendar_service:Session created/updated | session_id=8d8214fd-5ec3-449e-be14-541c1a03d0a1 | title=dario | status=published
INFO:calendar_service:Session event logged | type=session_create_request | session_id=8d8214fd-5ec3-449e-be14-541c1a03d0a1 | message_id=d9379876-6d3e-4733-a3ba-c31fcd0a1341
INFO:calendar_service:Message status updated | message_id=d9379876-6d3e-4733-a3ba-c31fcd0a1341 | status=processed
INFO:producer:Built XML for session_created:
<message xmlns="urn:integration:planning:v1">
  <header>
    <message_id>7800139a-b1cd-4c71-a224-1911033a6e1a</message_id>
    <timestamp>2026-04-29T14:41:57.792832+00:00</timestamp>
    <source>planning</source>
    <type>session_created</type>
    <version>1.0</version>
    <correlation_id>a72465b5-b9a9-4628-94f3-dc8e5ce907db</correlation_id>
  </header>
  <body>
    <session_id>8d8214fd-5ec3-449e-be14-541c1a03d0a1</session_id>
    <title>dario</title>
    <start_datetime>2026-05-01T08:00:00Z</start_datetime>
    <end_datetime>2026-05-01T15:00:00Z</end_datetime>
    <location>Aula A - Campus Jette</location>
    <session_type>keynote</session_type>
    <status>published</status>
    <max_attendees>120</max_attendees>
    <current_attendees>0</current_attendees>
  </body>
</message>

INFO:pika.adapters.utils.connection_workflow:Pika version 1.3.1 connecting to ('::1', 5672, 0, 0)
INFO:pika.adapters.utils.io_services_utils:Socket connected: <socket.socket fd=1224, family=23, type=1, proto=6, laddr=('::1', 49662, 0, 0), raddr=('::1', 5672, 0, 0)>
INFO:pika.adapters.utils.connection_workflow:Streaming transport linked up: (<pika.adapters.utils.io_services_utils._AsyncPlaintextTransport object at 0x00000249B1DF5DD0>, _StreamingProtocolShim: <SelectConnection PROTOCOL transport=<pika.adapters.utils.io_services_utils._AsyncPlaintextTransport object at 0x00000249B1DF5DD0> params=<ConnectionParameters host=localhost port=5672 virtual_host=/ ssl=False>>).
INFO:pika.adapters.utils.connection_workflow:AMQPConnector - reporting success: <SelectConnection OPEN transport=<pika.adapters.utils.io_services_utils._AsyncPlaintextTransport object at 0x00000249B1DF5DD0> params=<ConnectionParameters host=localhost port=5672 virtual_host=/ ssl=False>>
INFO:pika.adapters.utils.connection_workflow:AMQPConnectionWorkflow - reporting success: <SelectConnection OPEN transport=<pika.adapters.utils.io_services_utils._AsyncPlaintextTransport object at 0x00000249B1DF5DD0> params=<ConnectionParameters host=localhost port=5672 virtual_host=/ ssl=False>>
INFO:pika.adapters.blocking_connection:Connection workflow succeeded: <SelectConnection OPEN transport=<pika.adapters.utils.io_services_utils._AsyncPlaintextTransport object at 0x00000249B1DF5DD0> params=<ConnectionParameters host=localhost port=5672 virtual_host=/ ssl=False>>
INFO:pika.adapters.blocking_connection:Created channel=1
INFO:producer:Message published | routing_key=planning.to.frontend.session.created
INFO:pika.adapters.blocking_connection:Closing connection (200): Normal shutdown
INFO:pika.channel:Closing channel (200): 'Normal shutdown' on <Channel number=1 OPEN conn=<SelectConnection OPEN transport=<pika.adapters.utils.io_services_utils._AsyncPlaintextTransport object at 0x00000249B1DF5DD0> params=<ConnectionParameters host=localhost port=5672 virtual_host=/ ssl=False>>>
INFO:pika.channel:Received <Channel.CloseOk> on <Channel number=1 CLOSING conn=<SelectConnection OPEN transport=<pika.adapters.utils.io_services_utils._AsyncPlaintextTransport object at 0x00000249B1DF5DD0> params=<ConnectionParameters host=localhost port=5672 virtual_host=/ ssl=False>>>
INFO:pika.connection:Closing connection (200): 'Normal shutdown'
INFO:pika.adapters.utils.io_services_utils:Aborting transport connection: state=1; <socket.socket fd=1224, family=23, type=1, proto=6, laddr=('::1', 49662, 0, 0), raddr=('::1', 5672, 0, 0)>
INFO:pika.adapters.utils.io_services_utils:_AsyncTransportBase._initate_abort(): Initiating abrupt asynchronous transport shutdown: state=1; error=None; <socket.socket fd=1224, family=23, type=1, proto=6, laddr=('::1', 49662, 0, 0), raddr=('::1', 5672, 0, 0)>
INFO:pika.adapters.utils.io_services_utils:Deactivating transport: state=1; <socket.socket fd=1224, family=23, type=1, proto=6, laddr=('::1', 49662, 0, 0), raddr=('::1', 5672, 0, 0)>
INFO:pika.connection:AMQP stack terminated, failed to connect, or aborted: opened=True, error-arg=None; pending-error=ConnectionClosedByClient: (200) 'Normal shutdown'
INFO:pika.connection:Stack terminated due to ConnectionClosedByClient: (200) 'Normal shutdown'
INFO:pika.adapters.utils.io_services_utils:Closing transport socket and unlinking: state=3; <socket.socket fd=1224, family=23, type=1, proto=6, laddr=('::1', 49662, 0, 0), raddr=('::1', 5672, 0, 0)>
INFO:pika.adapters.blocking_connection:User-initiated close: result=BlockingConnection__OnClosedArgs(connection=<SelectConnection CLOSED transport=None params=<ConnectionParameters host=localhost port=5672 virtual_host=/ ssl=False>>, error=ConnectionClosedByClient: (200) 'Normal shutdown')
INFO:__main__:session_create_request processed | message_id=d9379876-6d3e-4733-a3ba-c31fcd0a1341
INFO:token_service:Stored tokens for user_id=yeddouks@hotmail.be | expires_at=2026-04-29 15:43:04+00:00
INFO:__main__:Token registered via /api/tokens | user_id=yeddouks@hotmail.be
INFO:__main__:Message received on routing key 'frontend.to.planning.calendar.invite'
INFO:__main__:Handling calendar.invite | message_id=481f14a8-be78-486f-adfe-1404bf5f0c2a | session_id=8d8214fd-5ec3-449e-be14-541c1a03d0a1 | title=dario
INFO:calendar_service:Message logged | type=calendar.invite | message_id=481f14a8-be78-486f-adfe-1404bf5f0c2a | source=frontend
INFO:calendar_service:Session created/updated | session_id=8d8214fd-5ec3-449e-be14-541c1a03d0a1 | title=dario | status=published
ERROR:calendar_service:Database error while creating calendar invite: column "status" of relation "calendar_invites" does not exist
LINE 3: ...d, title, start_datetime, end_datetime, location, status, us...
                                                             ^

INFO:calendar_service:Message status updated | message_id=481f14a8-be78-486f-adfe-1404bf5f0c2a | status=processed
INFO:graph_client:Outlook event created | session_id=8d8214fd-5ec3-449e-be14-541c1a03d0a1 | event_id=AQMkADAwATM0MDAAMS05OQBiMC1iZjU2LTAwAi0wMAoARgAAA7PThhR66JxFpzUuYjFz9-UHAFHNlaPzq4VIo06QBa5X4xEAAAIBDQAAAFHNlaPzq4VIo06QBa5X4xEACN6G-P0AAAA=
INFO:graph_service:Graph sync created | session_id=8d8214fd-5ec3-449e-be14-541c1a03d0a1 | user_id=yeddouks@hotmail.be | event_id=AQMkADAwATM0MDAAMS05OQBiMC1iZjU2LTAwAi0wMAoARgAAA7PThhR66JxFpzUuYjFz9-UHAFHNlaPzq4VIo06QBa5X4xEAAAIBDQAAAFHNlaPzq4VIo06QBa5X4xEACN6G-P0AAAA=
INFO:producer:Built XML for calendar.invite.confirmed:
<message xmlns="urn:integration:planning:v1">
  <header>
    <message_id>470b0367-e69e-484a-908f-c5e7273678d4</message_id>
    <timestamp>2026-04-29T14:43:21.200240+00:00</timestamp>
    <source>planning</source>
    <type>calendar.invite.confirmed</type>
    <version>1.0</version>
    <correlation_id>94fb89f9-8538-4ef9-a835-e24bd60217c9</correlation_id>
  </header>
  <body>
    <session_id>8d8214fd-5ec3-449e-be14-541c1a03d0a1</session_id>
    <original_message_id>481f14a8-be78-486f-adfe-1404bf5f0c2a</original_message_id>
    <status>confirmed</status>
  </body>
</message>

INFO:pika.adapters.utils.connection_workflow:Pika version 1.3.1 connecting to ('::1', 5672, 0, 0)
INFO:pika.adapters.utils.io_services_utils:Socket connected: <socket.socket fd=1036, family=23, type=1, proto=6, laddr=('::1', 56571, 0, 0), raddr=('::1', 5672, 0, 0)>
INFO:pika.adapters.utils.connection_workflow:Streaming transport linked up: (<pika.adapters.utils.io_services_utils._AsyncPlaintextTransport object at 0x00000249B1DF6E90>, _StreamingProtocolShim: <SelectConnection PROTOCOL transport=<pika.adapters.utils.io_services_utils._AsyncPlaintextTransport object at 0x00000249B1DF6E90> params=<ConnectionParameters host=localhost port=5672 virtual_host=/ ssl=False>>).
INFO:pika.adapters.utils.connection_workflow:AMQPConnector - reporting success: <SelectConnection OPEN transport=<pika.adapters.utils.io_services_utils._AsyncPlaintextTransport object at 0x00000249B1DF6E90> params=<ConnectionParameters host=localhost port=5672 virtual_host=/ ssl=False>>
INFO:pika.adapters.utils.connection_workflow:AMQPConnectionWorkflow - reporting success: <SelectConnection OPEN transport=<pika.adapters.utils.io_services_utils._AsyncPlaintextTransport object at 0x00000249B1DF6E90> params=<ConnectionParameters host=localhost port=5672 virtual_host=/ ssl=False>>
INFO:pika.adapters.blocking_connection:Connection workflow succeeded: <SelectConnection OPEN transport=<pika.adapters.utils.io_services_utils._AsyncPlaintextTransport object at 0x00000249B1DF6E90> params=<ConnectionParameters host=localhost port=5672 virtual_host=/ ssl=False>>
INFO:pika.adapters.blocking_connection:Created channel=1
INFO:producer:Message published | routing_key=planning.to.frontend.calendar.invite.confirmed
INFO:pika.adapters.blocking_connection:Closing connection (200): Normal shutdown
INFO:pika.channel:Closing channel (200): 'Normal shutdown' on <Channel number=1 OPEN conn=<SelectConnection OPEN transport=<pika.adapters.utils.io_services_utils._AsyncPlaintextTransport object at 0x00000249B1DF6E90> params=<ConnectionParameters host=localhost port=5672 virtual_host=/ ssl=False>>>
INFO:pika.channel:Received <Channel.CloseOk> on <Channel number=1 CLOSING conn=<SelectConnection OPEN transport=<pika.adapters.utils.io_services_utils._AsyncPlaintextTransport object at 0x00000249B1DF6E90> params=<ConnectionParameters host=localhost port=5672 virtual_host=/ ssl=False>>>
INFO:pika.connection:Closing connection (200): 'Normal shutdown'
INFO:pika.adapters.utils.io_services_utils:Aborting transport connection: state=1; <socket.socket fd=1036, family=23, type=1, proto=6, laddr=('::1', 56571, 0, 0), raddr=('::1', 5672, 0, 0)>
INFO:pika.adapters.utils.io_services_utils:_AsyncTransportBase._initate_abort(): Initiating abrupt asynchronous transport shutdown: state=1; error=None; <socket.socket fd=1036, family=23, type=1, proto=6, laddr=('::1', 56571, 0, 0), raddr=('::1', 5672, 0, 0)>
INFO:pika.adapters.utils.io_services_utils:Deactivating transport: state=1; <socket.socket fd=1036, family=23, type=1, proto=6, laddr=('::1', 56571, 0, 0), raddr=('::1', 5672, 0, 0)>
INFO:pika.connection:AMQP stack terminated, failed to connect, or aborted: opened=True, error-arg=None; pending-error=ConnectionClosedByClient: (200) 'Normal shutdown'
INFO:pika.connection:Stack terminated due to ConnectionClosedByClient: (200) 'Normal shutdown'
INFO:pika.adapters.utils.io_services_utils:Closing transport socket and unlinking: state=3; <socket.socket fd=1036, family=23, type=1, proto=6, laddr=('::1', 56571, 0, 0), raddr=('::1', 5672, 0, 0)>
INFO:pika.adapters.blocking_connection:User-initiated close: result=BlockingConnection__OnClosedArgs(connection=<SelectConnection CLOSED transport=None params=<ConnectionParameters host=localhost port=5672 virtual_host=/ ssl=False>>, error=ConnectionClosedByClient: (200) 'Normal shutdown')
INFO:__main__:calendar.invite processed successfully | message_id=481f14a8-be78-486f-adfe-1404bf5f0c2a
INFO:__main__:Message received on routing key 'frontend.to.planning.calendar.invite'
INFO:__main__:Handling calendar.invite | message_id=b044a9e8-0e24-4e57-ace3-642d3a43011d | session_id=8d8214fd-5ec3-449e-be14-541c1a03d0a1 | title=dario
INFO:calendar_service:Message logged | type=calendar.invite | message_id=b044a9e8-0e24-4e57-ace3-642d3a43011d | source=frontend
INFO:calendar_service:Session created/updated | session_id=8d8214fd-5ec3-449e-be14-541c1a03d0a1 | title=dario | status=published
ERROR:calendar_service:Database error while creating calendar invite: column "status" of relation "calendar_invites" does not exist
LINE 3: ...d, title, start_datetime, end_datetime, location, status, us...
                                                             ^

INFO:calendar_service:Message status updated | message_id=b044a9e8-0e24-4e57-ace3-642d3a43011d | status=processed
WARNING:token_service:No tokens registered for user_id=eddouksy@gmail.com
WARNING:graph_service:No token registered for user_id=eddouksy@gmail.com — Outlook sync disabled
WARNING:token_service:No tokens registered for user_id=eddouksy@gmail.com
INFO:__main__:ICS feed URL generated | user_id=eddouksy@gmail.com | url=http://localhost:30050/ical/eddouksy@gmail.com?token=f726b67c-1856-4605-87a5-e9a71ba63374
INFO:producer:Built XML for calendar.invite.confirmed:
<message xmlns="urn:integration:planning:v1">
  <header>
    <message_id>61160315-80ef-4fdd-8146-f8e53486cb0e</message_id>
    <timestamp>2026-04-29T14:45:00.114273+00:00</timestamp>
    <source>planning</source>
    <type>calendar.invite.confirmed</type>
    <version>1.0</version>
    <correlation_id>7a1cc3b1-b834-43f9-9b58-99b92f692a45</correlation_id>
  </header>
  <body>
    <session_id>8d8214fd-5ec3-449e-be14-541c1a03d0a1</session_id>
    <original_message_id>b044a9e8-0e24-4e57-ace3-642d3a43011d</original_message_id>
    <status>confirmed</status>
    <ics_url>http://localhost:30050/ical/eddouksy@gmail.com?token=f726b67c-1856-4605-87a5-e9a71ba63374</ics_url>
  </body>
</message>

INFO:pika.adapters.utils.connection_workflow:Pika version 1.3.1 connecting to ('::1', 5672, 0, 0)
INFO:pika.adapters.utils.io_services_utils:Socket connected: <socket.socket fd=948, family=23, type=1, proto=6, laddr=('::1', 56677, 0, 0), raddr=('::1', 5672, 0, 0)>
INFO:pika.adapters.utils.connection_workflow:Streaming transport linked up: (<pika.adapters.utils.io_services_utils._AsyncPlaintextTransport object at 0x00000249B1DF77D0>, _StreamingProtocolShim: <SelectConnection PROTOCOL transport=<pika.adapters.utils.io_services_utils._AsyncPlaintextTransport object at 0x00000249B1DF77D0> params=<ConnectionParameters host=localhost port=5672 virtual_host=/ ssl=False>>).
INFO:pika.adapters.utils.connection_workflow:AMQPConnector - reporting success: <SelectConnection OPEN transport=<pika.adapters.utils.io_services_utils._AsyncPlaintextTransport object at 0x00000249B1DF77D0> params=<ConnectionParameters host=localhost port=5672 virtual_host=/ ssl=False>>
INFO:pika.adapters.utils.connection_workflow:AMQPConnectionWorkflow - reporting success: <SelectConnection OPEN transport=<pika.adapters.utils.io_services_utils._AsyncPlaintextTransport object at 0x00000249B1DF77D0> params=<ConnectionParameters host=localhost port=5672 virtual_host=/ ssl=False>>
INFO:pika.adapters.blocking_connection:Connection workflow succeeded: <SelectConnection OPEN transport=<pika.adapters.utils.io_services_utils._AsyncPlaintextTransport object at 0x00000249B1DF77D0> params=<ConnectionParameters host=localhost port=5672 virtual_host=/ ssl=False>>
INFO:pika.adapters.blocking_connection:Created channel=1
INFO:producer:Message published | routing_key=planning.to.frontend.calendar.invite.confirmed
INFO:pika.adapters.blocking_connection:Closing connection (200): Normal shutdown
INFO:pika.channel:Closing channel (200): 'Normal shutdown' on <Channel number=1 OPEN conn=<SelectConnection OPEN transport=<pika.adapters.utils.io_services_utils._AsyncPlaintextTransport object at 0x00000249B1DF77D0> params=<ConnectionParameters host=localhost port=5672 virtual_host=/ ssl=False>>>
INFO:pika.channel:Received <Channel.CloseOk> on <Channel number=1 CLOSING conn=<SelectConnection OPEN transport=<pika.adapters.utils.io_services_utils._AsyncPlaintextTransport object at 0x00000249B1DF77D0> params=<ConnectionParameters host=localhost port=5672 virtual_host=/ ssl=False>>>
INFO:pika.connection:Closing connection (200): 'Normal shutdown'
INFO:pika.adapters.utils.io_services_utils:Aborting transport connection: state=1; <socket.socket fd=948, family=23, type=1, proto=6, laddr=('::1', 56677, 0, 0), raddr=('::1', 5672, 0, 0)>
INFO:pika.adapters.utils.io_services_utils:_AsyncTransportBase._initate_abort(): Initiating abrupt asynchronous transport shutdown: state=1; error=None; <socket.socket fd=948, family=23, type=1, proto=6, laddr=('::1', 56677, 0, 0), raddr=('::1', 5672, 0, 0)>
INFO:pika.adapters.utils.io_services_utils:Deactivating transport: state=1; <socket.socket fd=948, family=23, type=1, proto=6, laddr=('::1', 56677, 0, 0), raddr=('::1', 5672, 0, 0)>
INFO:pika.connection:AMQP stack terminated, failed to connect, or aborted: opened=True, error-arg=None; pending-error=ConnectionClosedByClient: (200) 'Normal shutdown'
INFO:pika.connection:Stack terminated due to ConnectionClosedByClient: (200) 'Normal shutdown'
INFO:pika.adapters.utils.io_services_utils:Closing transport socket and unlinking: state=3; <socket.socket fd=948, family=23, type=1, proto=6, laddr=('::1', 56677, 0, 0), raddr=('::1', 5672, 0, 0)>
INFO:pika.adapters.blocking_connection:User-initiated close: result=BlockingConnection__OnClosedArgs(connection=<SelectConnection CLOSED transport=None params=<ConnectionParameters host=localhost port=5672 virtual_host=/ ssl=False>>, error=ConnectionClosedByClient: (200) 'Normal shutdown')
INFO:__main__:calendar.invite processed successfully | message_id=b044a9e8-0e24-4e57-ace3-642d3a43011d
INFO:__main__:Message received on routing key 'frontend.to.planning.session.update'
INFO:__main__:Handling session_update_request | message_id=b67f1277-5374-41c7-b497-6ad50b1b1448 | session_id=8d8214fd-5ec3-449e-be14-541c1a03d0a1
INFO:calendar_service:Message logged | type=session_update_request | message_id=b67f1277-5374-41c7-b497-6ad50b1b1448 | source=frontend
INFO:calendar_service:Session created/updated | session_id=8d8214fd-5ec3-449e-be14-541c1a03d0a1 | title=Dario23 | status=published
INFO:calendar_service:Session event logged | type=session_update_request | session_id=8d8214fd-5ec3-449e-be14-541c1a03d0a1 | message_id=b67f1277-5374-41c7-b497-6ad50b1b1448
INFO:calendar_service:Message status updated | message_id=b67f1277-5374-41c7-b497-6ad50b1b1448 | status=processed
INFO:graph_service:No Outlook users found for session_id=8d8214fd-5ec3-449e-be14-541c1a03d0a1 — skipping Graph update
INFO:producer:Built XML for session_updated:
<message xmlns="urn:integration:planning:v1">
  <header>
    <message_id>1cbc8061-31aa-4e6e-8353-390c36a66783</message_id>
    <timestamp>2026-04-29T14:47:11.799973+00:00</timestamp>
    <source>planning</source>
    <type>session_updated</type>
    <version>1.0</version>
    <correlation_id>a05c2d37-c1b8-4a84-b71d-72a75679d420</correlation_id>
  </header>
  <body>
    <session_id>8d8214fd-5ec3-449e-be14-541c1a03d0a1</session_id>
    <title>Dario23</title>
    <start_datetime>2026-05-02T09:00:00Z</start_datetime>
    <end_datetime>2026-05-02T15:00:00Z</end_datetime>
    <location></location>
    <session_type>keynote</session_type>
    <status>published</status>
    <max_attendees>0</max_attendees>
    <current_attendees>0</current_attendees>
  </body>
</message>

INFO:pika.adapters.utils.connection_workflow:Pika version 1.3.1 connecting to ('::1', 5672, 0, 0)
INFO:pika.adapters.utils.io_services_utils:Socket connected: <socket.socket fd=876, family=23, type=1, proto=6, laddr=('::1', 54890, 0, 0), raddr=('::1', 5672, 0, 0)>
INFO:pika.adapters.utils.connection_workflow:Streaming transport linked up: (<pika.adapters.utils.io_services_utils._AsyncPlaintextTransport object at 0x00000249B1DF7950>, _StreamingProtocolShim: <SelectConnection PROTOCOL transport=<pika.adapters.utils.io_services_utils._AsyncPlaintextTransport object at 0x00000249B1DF7950> params=<ConnectionParameters host=localhost port=5672 virtual_host=/ ssl=False>>).
INFO:pika.adapters.utils.connection_workflow:AMQPConnector - reporting success: <SelectConnection OPEN transport=<pika.adapters.utils.io_services_utils._AsyncPlaintextTransport object at 0x00000249B1DF7950> params=<ConnectionParameters host=localhost port=5672 virtual_host=/ ssl=False>>
INFO:pika.adapters.utils.connection_workflow:AMQPConnectionWorkflow - reporting success: <SelectConnection OPEN transport=<pika.adapters.utils.io_services_utils._AsyncPlaintextTransport object at 0x00000249B1DF7950> params=<ConnectionParameters host=localhost port=5672 virtual_host=/ ssl=False>>
INFO:pika.adapters.blocking_connection:Connection workflow succeeded: <SelectConnection OPEN transport=<pika.adapters.utils.io_services_utils._AsyncPlaintextTransport object at 0x00000249B1DF7950> params=<ConnectionParameters host=localhost port=5672 virtual_host=/ ssl=False>>
INFO:pika.adapters.blocking_connection:Created channel=1
INFO:producer:Message published | routing_key=planning.to.frontend.session.updated
INFO:pika.adapters.blocking_connection:Closing connection (200): Normal shutdown
INFO:pika.channel:Closing channel (200): 'Normal shutdown' on <Channel number=1 OPEN conn=<SelectConnection OPEN transport=<pika.adapters.utils.io_services_utils._AsyncPlaintextTransport object at 0x00000249B1DF7950> params=<ConnectionParameters host=localhost port=5672 virtual_host=/ ssl=False>>>
INFO:pika.channel:Received <Channel.CloseOk> on <Channel number=1 CLOSING conn=<SelectConnection OPEN transport=<pika.adapters.utils.io_services_utils._AsyncPlaintextTransport object at 0x00000249B1DF7950> params=<ConnectionParameters host=localhost port=5672 virtual_host=/ ssl=False>>>
INFO:pika.connection:Closing connection (200): 'Normal shutdown'
INFO:pika.adapters.utils.io_services_utils:Aborting transport connection: state=1; <socket.socket fd=876, family=23, type=1, proto=6, laddr=('::1', 54890, 0, 0), raddr=('::1', 5672, 0, 0)>
INFO:pika.adapters.utils.io_services_utils:_AsyncTransportBase._initate_abort(): Initiating abrupt asynchronous transport shutdown: state=1; error=None; <socket.socket fd=876, family=23, type=1, proto=6, laddr=('::1', 54890, 0, 0), raddr=('::1', 5672, 0, 0)>
INFO:pika.adapters.utils.io_services_utils:Deactivating transport: state=1; <socket.socket fd=876, family=23, type=1, proto=6, laddr=('::1', 54890, 0, 0), raddr=('::1', 5672, 0, 0)>
INFO:pika.connection:AMQP stack terminated, failed to connect, or aborted: opened=True, error-arg=None; pending-error=ConnectionClosedByClient: (200) 'Normal shutdown'
INFO:pika.connection:Stack terminated due to ConnectionClosedByClient: (200) 'Normal shutdown'
INFO:pika.adapters.utils.io_services_utils:Closing transport socket and unlinking: state=3; <socket.socket fd=876, family=23, type=1, proto=6, laddr=('::1', 54890, 0, 0), raddr=('::1', 5672, 0, 0)>
INFO:pika.adapters.blocking_connection:User-initiated close: result=BlockingConnection__OnClosedArgs(connection=<SelectConnection CLOSED transport=None params=<ConnectionParameters host=localhost port=5672 virtual_host=/ ssl=False>>, error=ConnectionClosedByClient: (200) 'Normal shutdown')
INFO:__main__:session_update_request processed | message_id=b67f1277-5374-41c7-b497-6ad50b1b1448
INFO:__main__:Message received on routing key 'frontend.to.planning.session.delete'
INFO:__main__:Handling session_delete_request | message_id=c09b1567-4bf2-4274-8e90-10e74b7a6460 | session_id=8d8214fd-5ec3-449e-be14-541c1a03d0a1
INFO:calendar_service:Message logged | type=session_delete_request | message_id=c09b1567-4bf2-4274-8e90-10e74b7a6460 | source=frontend
INFO:calendar_service:Session deleted | session_id=8d8214fd-5ec3-449e-be14-541c1a03d0a1 | reason=cancelled | deleted_by=frontend
INFO:calendar_service:Session event logged | type=session_delete_request | session_id=8d8214fd-5ec3-449e-be14-541c1a03d0a1 | message_id=c09b1567-4bf2-4274-8e90-10e74b7a6460
INFO:calendar_service:Message status updated | message_id=c09b1567-4bf2-4274-8e90-10e74b7a6460 | status=processed
INFO:graph_service:No Outlook users found for session_id=8d8214fd-5ec3-449e-be14-541c1a03d0a1 — skipping Graph cancel
INFO:producer:Built XML for session_deleted:
<message xmlns="urn:integration:planning:v1">
  <header>
    <message_id>1ec46a60-a5ed-46c8-860d-68544654a1d7</message_id>
    <timestamp>2026-04-29T14:48:10.050406+00:00</timestamp>
    <source>planning</source>
    <type>session_deleted</type>
    <version>1.0</version>
    <correlation_id>2c10b1a0-5771-483a-b312-da8a1a3e6cb9</correlation_id>
  </header>
  <body>
    <session_id>8d8214fd-5ec3-449e-be14-541c1a03d0a1</session_id>
    <reason>cancelled</reason>
    <deleted_by>frontend</deleted_by>
  </body>
</message>

INFO:pika.adapters.utils.connection_workflow:Pika version 1.3.1 connecting to ('::1', 5672, 0, 0)
INFO:pika.adapters.utils.io_services_utils:Socket connected: <socket.socket fd=1256, family=23, type=1, proto=6, laddr=('::1', 51230, 0, 0), raddr=('::1', 5672, 0, 0)>
INFO:pika.adapters.utils.connection_workflow:Streaming transport linked up: (<pika.adapters.utils.io_services_utils._AsyncPlaintextTransport object at 0x00000249B1DA6AD0>, _StreamingProtocolShim: <SelectConnection PROTOCOL transport=<pika.adapters.utils.io_services_utils._AsyncPlaintextTransport object at 0x00000249B1DA6AD0> params=<ConnectionParameters host=localhost port=5672 virtual_host=/ ssl=False>>).
INFO:pika.adapters.utils.connection_workflow:AMQPConnector - reporting success: <SelectConnection OPEN transport=<pika.adapters.utils.io_services_utils._AsyncPlaintextTransport object at 0x00000249B1DA6AD0> params=<ConnectionParameters host=localhost port=5672 virtual_host=/ ssl=False>>
INFO:pika.adapters.utils.connection_workflow:AMQPConnectionWorkflow - reporting success: <SelectConnection OPEN transport=<pika.adapters.utils.io_services_utils._AsyncPlaintextTransport object at 0x00000249B1DA6AD0> params=<ConnectionParameters host=localhost port=5672 virtual_host=/ ssl=False>>
INFO:pika.adapters.blocking_connection:Connection workflow succeeded: <SelectConnection OPEN transport=<pika.adapters.utils.io_services_utils._AsyncPlaintextTransport object at 0x00000249B1DA6AD0> params=<ConnectionParameters host=localhost port=5672 virtual_host=/ ssl=False>>
INFO:pika.adapters.blocking_connection:Created channel=1
INFO:producer:Message published | routing_key=planning.to.frontend.session.deleted
INFO:pika.adapters.blocking_connection:Closing connection (200): Normal shutdown
INFO:pika.channel:Closing channel (200): 'Normal shutdown' on <Channel number=1 OPEN conn=<SelectConnection OPEN transport=<pika.adapters.utils.io_services_utils._AsyncPlaintextTransport object at 0x00000249B1DA6AD0> params=<ConnectionParameters host=localhost port=5672 virtual_host=/ ssl=False>>>
INFO:pika.channel:Received <Channel.CloseOk> on <Channel number=1 CLOSING conn=<SelectConnection OPEN transport=<pika.adapters.utils.io_services_utils._AsyncPlaintextTransport object at 0x00000249B1DA6AD0> params=<ConnectionParameters host=localhost port=5672 virtual_host=/ ssl=False>>>
INFO:pika.connection:Closing connection (200): 'Normal shutdown'
INFO:pika.adapters.utils.io_services_utils:Aborting transport connection: state=1; <socket.socket fd=1256, family=23, type=1, proto=6, laddr=('::1', 51230, 0, 0), raddr=('::1', 5672, 0, 0)>
INFO:pika.adapters.utils.io_services_utils:_AsyncTransportBase._initate_abort(): Initiating abrupt asynchronous transport shutdown: state=1; error=None; <socket.socket fd=1256, family=23, type=1, proto=6, laddr=('::1', 51230, 0, 0), raddr=('::1', 5672, 0, 0)>
INFO:pika.adapters.utils.io_services_utils:Deactivating transport: state=1; <socket.socket fd=1256, family=23, type=1, proto=6, laddr=('::1', 51230, 0, 0), raddr=('::1', 5672, 0, 0)>
INFO:pika.connection:AMQP stack terminated, failed to connect, or aborted: opened=True, error-arg=None; pending-error=ConnectionClosedByClient: (200) 'Normal shutdown'
INFO:pika.connection:Stack terminated due to ConnectionClosedByClient: (200) 'Normal shutdown'
INFO:pika.adapters.utils.io_services_utils:Closing transport socket and unlinking: state=3; <socket.socket fd=1256, family=23, type=1, proto=6, laddr=('::1', 51230, 0, 0), raddr=('::1', 5672, 0, 0)>
INFO:pika.adapters.blocking_connection:User-initiated close: result=BlockingConnection__OnClosedArgs(connection=<SelectConnection CLOSED transport=None params=<ConnectionParameters host=localhost port=5672 virtual_host=/ ssl=False>>, error=ConnectionClosedByClient: (200) 'Normal shutdown')
INFO:__main__:session_delete_request processed | message_id=c09b1567-4bf2-4274-8e90-10e74b7a6460
