INFO:__main__:Frontend demo running at http://localhost:8089
INFO:__main__:Microsoft login enabled (client ID: c28b3a31-2840-4212-aed3-5f3da8bdf1a1)
INFO:__main__:NOTE: Add http://localhost:8089 as a redirect URI (SPA) in your Azure app
INFO:__main__:DB host: localhost:30051
INFO:pika.adapters.utils.connection_workflow:Pika version 1.3.1 connecting to ('::1', 5672, 0, 0)
INFO:pika.adapters.utils.io_services_utils:Socket connected: <socket.socket fd=928, family=23, type=1, proto=6, laddr=('::1', 52375, 0, 0), raddr=('::1', 5672, 0, 0)>
INFO:pika.adapters.utils.connection_workflow:Streaming transport linked up: (<pika.adapters.utils.io_services_utils._AsyncPlaintextTransport object at 0x00000199486DFF50>, _StreamingProtocolShim: <SelectConnection PROTOCOL transport=<pika.adapters.utils.io_services_utils._AsyncPlaintextTransport object at 0x00000199486DFF50> params=<ConnectionParameters host=localhost port=5672 virtual_host=/ ssl=False>>).
INFO:pika.adapters.utils.connection_workflow:AMQPConnector - reporting success: <SelectConnection OPEN transport=<pika.adapters.utils.io_services_utils._AsyncPlaintextTransport object at 0x00000199486DFF50> params=<ConnectionParameters host=localhost port=5672 virtual_host=/ ssl=False>>
INFO:pika.adapters.utils.connection_workflow:AMQPConnectionWorkflow - reporting success: <SelectConnection OPEN transport=<pika.adapters.utils.io_services_utils._AsyncPlaintextTransport object at 0x00000199486DFF50> params=<ConnectionParameters host=localhost port=5672 virtual_host=/ ssl=False>>
INFO:pika.adapters.blocking_connection:Connection workflow succeeded: <SelectConnection OPEN transport=<pika.adapters.utils.io_services_utils._AsyncPlaintextTransport object at 0x00000199486DFF50> params=<ConnectionParameters host=localhost port=5672 virtual_host=/ ssl=False>>
INFO:pika.adapters.blocking_connection:Created channel=1
INFO:pika.adapters.blocking_connection:Closing connection (200): Normal shutdown
INFO:pika.channel:Closing channel (200): 'Normal shutdown' on <Channel number=1 OPEN conn=<SelectConnection OPEN transport=<pika.adapters.utils.io_services_utils._AsyncPlaintextTransport object at 0x00000199486DFF50> params=<ConnectionParameters host=localhost port=5672 virtual_host=/ ssl=False>>>
INFO:pika.channel:Received <Channel.CloseOk> on <Channel number=1 CLOSING conn=<SelectConnection OPEN transport=<pika.adapters.utils.io_services_utils._AsyncPlaintextTransport object at 0x00000199486DFF50> params=<ConnectionParameters host=localhost port=5672 virtual_host=/ ssl=False>>>
INFO:pika.connection:Closing connection (200): 'Normal shutdown'
INFO:pika.adapters.utils.io_services_utils:Aborting transport connection: state=1; <socket.socket fd=928, family=23, type=1, proto=6, laddr=('::1', 52375, 0, 0), raddr=('::1', 5672, 0, 0)>
INFO:pika.adapters.utils.io_services_utils:_AsyncTransportBase._initate_abort(): Initiating abrupt asynchronous transport shutdown: state=1; error=None; <socket.socket fd=928, family=23, type=1, proto=6, laddr=('::1', 52375, 0, 0), raddr=('::1', 5672, 0, 0)>
INFO:pika.adapters.utils.io_services_utils:Deactivating transport: state=1; <socket.socket fd=928, family=23, type=1, proto=6, laddr=('::1', 52375, 0, 0), raddr=('::1', 5672, 0, 0)>
INFO:pika.connection:AMQP stack terminated, failed to connect, or aborted: opened=True, error-arg=None; pending-error=ConnectionClosedByClient: (200) 'Normal shutdown'
INFO:pika.connection:Stack terminated due to ConnectionClosedByClient: (200) 'Normal shutdown'
INFO:pika.adapters.utils.io_services_utils:Closing transport socket and unlinking: state=3; <socket.socket fd=928, family=23, type=1, proto=6, laddr=('::1', 52375, 0, 0), raddr=('::1', 5672, 0, 0)>
INFO:pika.adapters.blocking_connection:User-initiated close: result=BlockingConnection__OnClosedArgs(connection=<SelectConnection CLOSED transport=None params=<ConnectionParameters host=localhost port=5672 virtual_host=/ ssl=False>>, error=ConnectionClosedByClient: (200) 'Normal shutdown')
INFO:pika.adapters.utils.connection_workflow:Pika version 1.3.1 connecting to ('::1', 5672, 0, 0)
INFO:pika.adapters.utils.io_services_utils:Socket connected: <socket.socket fd=976, family=23, type=1, proto=6, laddr=('::1', 61647, 0, 0), raddr=('::1', 5672, 0, 0)>
INFO:pika.adapters.utils.connection_workflow:Streaming transport linked up: (<pika.adapters.utils.io_services_utils._AsyncPlaintextTransport object at 0x00000199486F8790>, _StreamingProtocolShim: <SelectConnection PROTOCOL transport=<pika.adapters.utils.io_services_utils._AsyncPlaintextTransport object at 0x00000199486F8790> params=<ConnectionParameters host=localhost port=5672 virtual_host=/ ssl=False>>).
INFO:pika.adapters.utils.connection_workflow:AMQPConnector - reporting success: <SelectConnection OPEN transport=<pika.adapters.utils.io_services_utils._AsyncPlaintextTransport object at 0x00000199486F8790> params=<ConnectionParameters host=localhost port=5672 virtual_host=/ ssl=False>>
INFO:pika.adapters.utils.connection_workflow:AMQPConnectionWorkflow - reporting success: <SelectConnection OPEN transport=<pika.adapters.utils.io_services_utils._AsyncPlaintextTransport object at 0x00000199486F8790> params=<ConnectionParameters host=localhost port=5672 virtual_host=/ ssl=False>>
INFO:pika.adapters.blocking_connection:Connection workflow succeeded: <SelectConnection OPEN transport=<pika.adapters.utils.io_services_utils._AsyncPlaintextTransport object at 0x00000199486F8790> params=<ConnectionParameters host=localhost port=5672 virtual_host=/ ssl=False>>
INFO:pika.adapters.blocking_connection:Created channel=1
INFO:pika.adapters.blocking_connection:Closing connection (200): Normal shutdown
INFO:pika.channel:Closing channel (200): 'Normal shutdown' on <Channel number=1 OPEN conn=<SelectConnection OPEN transport=<pika.adapters.utils.io_services_utils._AsyncPlaintextTransport object at 0x00000199486F8790> params=<ConnectionParameters host=localhost port=5672 virtual_host=/ ssl=False>>>
INFO:pika.channel:Received <Channel.CloseOk> on <Channel number=1 CLOSING conn=<SelectConnection OPEN transport=<pika.adapters.utils.io_services_utils._AsyncPlaintextTransport object at 0x00000199486F8790> params=<ConnectionParameters host=localhost port=5672 virtual_host=/ ssl=False>>>
INFO:pika.connection:Closing connection (200): 'Normal shutdown'
INFO:pika.adapters.utils.io_services_utils:Aborting transport connection: state=1; <socket.socket fd=976, family=23, type=1, proto=6, laddr=('::1', 61647, 0, 0), raddr=('::1', 5672, 0, 0)>
INFO:pika.adapters.utils.io_services_utils:_AsyncTransportBase._initate_abort(): Initiating abrupt asynchronous transport shutdown: state=1; error=None; <socket.socket fd=976, family=23, type=1, proto=6, laddr=('::1', 61647, 0, 0), raddr=('::1', 5672, 0, 0)>
INFO:pika.adapters.utils.io_services_utils:Deactivating transport: state=1; <socket.socket fd=976, family=23, type=1, proto=6, laddr=('::1', 61647, 0, 0), raddr=('::1', 5672, 0, 0)>
INFO:pika.connection:AMQP stack terminated, failed to connect, or aborted: opened=True, error-arg=None; pending-error=ConnectionClosedByClient: (200) 'Normal shutdown'
INFO:pika.connection:Stack terminated due to ConnectionClosedByClient: (200) 'Normal shutdown'
INFO:pika.adapters.utils.io_services_utils:Closing transport socket and unlinking: state=3; <socket.socket fd=976, family=23, type=1, proto=6, laddr=('::1', 61647, 0, 0), raddr=('::1', 5672, 0, 0)>
INFO:pika.adapters.blocking_connection:User-initiated close: result=BlockingConnection__OnClosedArgs(connection=<SelectConnection CLOSED transport=None params=<ConnectionParameters host=localhost port=5672 virtual_host=/ ssl=False>>, error=ConnectionClosedByClient: (200) 'Normal shutdown')
INFO:pika.adapters.utils.connection_workflow:Pika version 1.3.1 connecting to ('::1', 5672, 0, 0)
INFO:pika.adapters.utils.io_services_utils:Socket connected: <socket.socket fd=1156, family=23, type=1, proto=6, laddr=('::1', 54110, 0, 0), raddr=('::1', 5672, 0, 0)>
INFO:pika.adapters.utils.connection_workflow:Streaming transport linked up: (<pika.adapters.utils.io_services_utils._AsyncPlaintextTransport object at 0x0000019948B1D6D0>, _StreamingProtocolShim: <SelectConnection PROTOCOL transport=<pika.adapters.utils.io_services_utils._AsyncPlaintextTransport object at 0x0000019948B1D6D0> params=<ConnectionParameters host=localhost port=5672 virtual_host=/ ssl=False>>).
INFO:pika.adapters.utils.connection_workflow:AMQPConnector - reporting success: <SelectConnection OPEN transport=<pika.adapters.utils.io_services_utils._AsyncPlaintextTransport object at 0x0000019948B1D6D0> params=<ConnectionParameters host=localhost port=5672 virtual_host=/ ssl=False>>
INFO:pika.adapters.utils.connection_workflow:AMQPConnectionWorkflow - reporting success: <SelectConnection OPEN transport=<pika.adapters.utils.io_services_utils._AsyncPlaintextTransport object at 0x0000019948B1D6D0> params=<ConnectionParameters host=localhost port=5672 virtual_host=/ ssl=False>>
INFO:pika.adapters.blocking_connection:Connection workflow succeeded: <SelectConnection OPEN transport=<pika.adapters.utils.io_services_utils._AsyncPlaintextTransport object at 0x0000019948B1D6D0> params=<ConnectionParameters host=localhost port=5672 virtual_host=/ ssl=False>>
INFO:pika.adapters.blocking_connection:Created channel=1
INFO:pika.adapters.blocking_connection:Closing connection (200): Normal shutdown
INFO:pika.channel:Closing channel (200): 'Normal shutdown' on <Channel number=1 OPEN conn=<SelectConnection OPEN transport=<pika.adapters.utils.io_services_utils._AsyncPlaintextTransport object at 0x0000019948B1D6D0> params=<ConnectionParameters host=localhost port=5672 virtual_host=/ ssl=False>>>
INFO:pika.channel:Received <Channel.CloseOk> on <Channel number=1 CLOSING conn=<SelectConnection OPEN transport=<pika.adapters.utils.io_services_utils._AsyncPlaintextTransport object at 0x0000019948B1D6D0> params=<ConnectionParameters host=localhost port=5672 virtual_host=/ ssl=False>>>
INFO:pika.connection:Closing connection (200): 'Normal shutdown'
INFO:pika.adapters.utils.io_services_utils:Aborting transport connection: state=1; <socket.socket fd=1156, family=23, type=1, proto=6, laddr=('::1', 54110, 0, 0), raddr=('::1', 5672, 0, 0)>
INFO:pika.adapters.utils.io_services_utils:_AsyncTransportBase._initate_abort(): Initiating abrupt asynchronous transport shutdown: state=1; error=None; <socket.socket fd=1156, family=23, type=1, proto=6, laddr=('::1', 54110, 0, 0), raddr=('::1', 5672, 0, 0)>
INFO:pika.adapters.utils.io_services_utils:Deactivating transport: state=1; <socket.socket fd=1156, family=23, type=1, proto=6, laddr=('::1', 54110, 0, 0), raddr=('::1', 5672, 0, 0)>
INFO:pika.connection:AMQP stack terminated, failed to connect, or aborted: opened=True, error-arg=None; pending-error=ConnectionClosedByClient: (200) 'Normal shutdown'
INFO:pika.connection:Stack terminated due to ConnectionClosedByClient: (200) 'Normal shutdown'
INFO:pika.adapters.utils.io_services_utils:Closing transport socket and unlinking: state=3; <socket.socket fd=1156, family=23, type=1, proto=6, laddr=('::1', 54110, 0, 0), raddr=('::1', 5672, 0, 0)>
INFO:pika.adapters.blocking_connection:User-initiated close: result=BlockingConnection__OnClosedArgs(connection=<SelectConnection CLOSED transport=None params=<ConnectionParameters host=localhost port=5672 virtual_host=/ ssl=False>>, error=ConnectionClosedByClient: (200) 'Normal shutdown')
INFO:pika.adapters.utils.connection_workflow:Pika version 1.3.1 connecting to ('::1', 5672, 0, 0)
INFO:pika.adapters.utils.io_services_utils:Socket connected: <socket.socket fd=1056, family=23, type=1, proto=6, laddr=('::1', 50213, 0, 0), raddr=('::1', 5672, 0, 0)>
INFO:pika.adapters.utils.connection_workflow:Streaming transport linked up: (<pika.adapters.utils.io_services_utils._AsyncPlaintextTransport object at 0x0000019948B24150>, _StreamingProtocolShim: <SelectConnection PROTOCOL transport=<pika.adapters.utils.io_services_utils._AsyncPlaintextTransport object at 0x0000019948B24150> params=<ConnectionParameters host=localhost port=5672 virtual_host=/ ssl=False>>).
INFO:pika.adapters.utils.connection_workflow:AMQPConnector - reporting success: <SelectConnection OPEN transport=<pika.adapters.utils.io_services_utils._AsyncPlaintextTransport object at 0x0000019948B24150> params=<ConnectionParameters host=localhost port=5672 virtual_host=/ ssl=False>>
INFO:pika.adapters.utils.connection_workflow:AMQPConnectionWorkflow - reporting success: <SelectConnection OPEN transport=<pika.adapters.utils.io_services_utils._AsyncPlaintextTransport object at 0x0000019948B24150> params=<ConnectionParameters host=localhost port=5672 virtual_host=/ ssl=False>>
INFO:pika.adapters.blocking_connection:Connection workflow succeeded: <SelectConnection OPEN transport=<pika.adapters.utils.io_services_utils._AsyncPlaintextTransport object at 0x0000019948B24150> params=<ConnectionParameters host=localhost port=5672 virtual_host=/ ssl=False>>
INFO:pika.adapters.blocking_connection:Created channel=1
INFO:pika.adapters.blocking_connection:Closing connection (200): Normal shutdown
INFO:pika.channel:Closing channel (200): 'Normal shutdown' on <Channel number=1 OPEN conn=<SelectConnection OPEN transport=<pika.adapters.utils.io_services_utils._AsyncPlaintextTransport object at 0x0000019948B24150> params=<ConnectionParameters host=localhost port=5672 virtual_host=/ ssl=False>>>
INFO:pika.channel:Received <Channel.CloseOk> on <Channel number=1 CLOSING conn=<SelectConnection OPEN transport=<pika.adapters.utils.io_services_utils._AsyncPlaintextTransport object at 0x0000019948B24150> params=<ConnectionParameters host=localhost port=5672 virtual_host=/ ssl=False>>>
INFO:pika.connection:Closing connection (200): 'Normal shutdown'
INFO:pika.adapters.utils.io_services_utils:Aborting transport connection: state=1; <socket.socket fd=1056, family=23, type=1, proto=6, laddr=('::1', 50213, 0, 0), raddr=('::1', 5672, 0, 0)>
INFO:pika.adapters.utils.io_services_utils:_AsyncTransportBase._initate_abort(): Initiating abrupt asynchronous transport shutdown: state=1; error=None; <socket.socket fd=1056, family=23, type=1, proto=6, laddr=('::1', 50213, 0, 0), raddr=('::1', 5672, 0, 0)>
INFO:pika.adapters.utils.io_services_utils:Deactivating transport: state=1; <socket.socket fd=1056, family=23, type=1, proto=6, laddr=('::1', 50213, 0, 0), raddr=('::1', 5672, 0, 0)>
INFO:pika.connection:AMQP stack terminated, failed to connect, or aborted: opened=True, error-arg=None; pending-error=ConnectionClosedByClient: (200) 'Normal shutdown'
INFO:pika.connection:Stack terminated due to ConnectionClosedByClient: (200) 'Normal shutdown'
INFO:pika.adapters.utils.io_services_utils:Closing transport socket and unlinking: state=3; <socket.socket fd=1056, family=23, type=1, proto=6, laddr=('::1', 50213, 0, 0), raddr=('::1', 5672, 0, 0)>
INFO:pika.adapters.blocking_connection:User-initiated close: result=BlockingConnection__OnClosedArgs(connection=<SelectConnection CLOSED transport=None params=<ConnectionParameters host=localhost port=5672 virtual_host=/ ssl=False>>, error=ConnectionClosedByClient: (200) 'Normal shutdown')
INFO:pika.adapters.utils.connection_workflow:Pika version 1.3.1 connecting to ('::1', 5672, 0, 0)
INFO:pika.adapters.utils.io_services_utils:Socket connected: <socket.socket fd=1096, family=23, type=1, proto=6, laddr=('::1', 52831, 0, 0), raddr=('::1', 5672, 0, 0)>
INFO:pika.adapters.utils.connection_workflow:Streaming transport linked up: (<pika.adapters.utils.io_services_utils._AsyncPlaintextTransport object at 0x0000019948B25C10>, _StreamingProtocolShim: <SelectConnection PROTOCOL transport=<pika.adapters.utils.io_services_utils._AsyncPlaintextTransport object at 0x0000019948B25C10> params=<ConnectionParameters host=localhost port=5672 virtual_host=/ ssl=False>>).
INFO:pika.adapters.utils.connection_workflow:AMQPConnector - reporting success: <SelectConnection OPEN transport=<pika.adapters.utils.io_services_utils._AsyncPlaintextTransport object at 0x0000019948B25C10> params=<ConnectionParameters host=localhost port=5672 virtual_host=/ ssl=False>>
INFO:pika.adapters.utils.connection_workflow:AMQPConnectionWorkflow - reporting success: <SelectConnection OPEN transport=<pika.adapters.utils.io_services_utils._AsyncPlaintextTransport object at 0x0000019948B25C10> params=<ConnectionParameters host=localhost port=5672 virtual_host=/ ssl=False>>
INFO:pika.adapters.blocking_connection:Connection workflow succeeded: <SelectConnection OPEN transport=<pika.adapters.utils.io_services_utils._AsyncPlaintextTransport object at 0x0000019948B25C10> params=<ConnectionParameters host=localhost port=5672 virtual_host=/ ssl=False>>
INFO:pika.adapters.blocking_connection:Created channel=1
INFO:pika.adapters.blocking_connection:Closing connection (200): Normal shutdown
INFO:pika.channel:Closing channel (200): 'Normal shutdown' on <Channel number=1 OPEN conn=<SelectConnection OPEN transport=<pika.adapters.utils.io_services_utils._AsyncPlaintextTransport object at 0x0000019948B25C10> params=<ConnectionParameters host=localhost port=5672 virtual_host=/ ssl=False>>>
INFO:pika.channel:Received <Channel.CloseOk> on <Channel number=1 CLOSING conn=<SelectConnection OPEN transport=<pika.adapters.utils.io_services_utils._AsyncPlaintextTransport object at 0x0000019948B25C10> params=<ConnectionParameters host=localhost port=5672 virtual_host=/ ssl=False>>>
INFO:pika.connection:Closing connection (200): 'Normal shutdown'
INFO:pika.adapters.utils.io_services_utils:Aborting transport connection: state=1; <socket.socket fd=1096, family=23, type=1, proto=6, laddr=('::1', 52831, 0, 0), raddr=('::1', 5672, 0, 0)>
INFO:pika.adapters.utils.io_services_utils:_AsyncTransportBase._initate_abort(): Initiating abrupt asynchronous transport shutdown: state=1; error=None; <socket.socket fd=1096, family=23, type=1, proto=6, laddr=('::1', 52831, 0, 0), raddr=('::1', 5672, 0, 0)>
INFO:pika.adapters.utils.io_services_utils:Deactivating transport: state=1; <socket.socket fd=1096, family=23, type=1, proto=6, laddr=('::1', 52831, 0, 0), raddr=('::1', 5672, 0, 0)>
INFO:pika.connection:AMQP stack terminated, failed to connect, or aborted: opened=True, error-arg=None; pending-error=ConnectionClosedByClient: (200) 'Normal shutdown'
INFO:pika.connection:Stack terminated due to ConnectionClosedByClient: (200) 'Normal shutdown'
INFO:pika.adapters.utils.io_services_utils:Closing transport socket and unlinking: state=3; <socket.socket fd=1096, family=23, type=1, proto=6, laddr=('::1', 52831, 0, 0), raddr=('::1', 5672, 0, 0)>
INFO:pika.adapters.blocking_connection:User-initiated close: result=BlockingConnection__OnClosedArgs(connection=<SelectConnection CLOSED transport=None params=<ConnectionParameters host=localhost port=5672 virtual_host=/ ssl=False>>, error=ConnectionClosedByClient: (200) 'Normal shutdown')
INFO:pika.adapters.utils.connection_workflow:Pika version 1.3.1 connecting to ('::1', 5672, 0, 0)
INFO:pika.adapters.utils.io_services_utils:Socket connected: <socket.socket fd=884, family=23, type=1, proto=6, laddr=('::1', 54100, 0, 0), raddr=('::1', 5672, 0, 0)>
INFO:pika.adapters.utils.connection_workflow:Streaming transport linked up: (<pika.adapters.utils.io_services_utils._AsyncPlaintextTransport object at 0x0000019948B27110>, _StreamingProtocolShim: <SelectConnection PROTOCOL transport=<pika.adapters.utils.io_services_utils._AsyncPlaintextTransport object at 0x0000019948B27110> params=<ConnectionParameters host=localhost port=5672 virtual_host=/ ssl=False>>).
INFO:pika.adapters.utils.connection_workflow:AMQPConnector - reporting success: <SelectConnection OPEN transport=<pika.adapters.utils.io_services_utils._AsyncPlaintextTransport object at 0x0000019948B27110> params=<ConnectionParameters host=localhost port=5672 virtual_host=/ ssl=False>>
INFO:pika.adapters.utils.connection_workflow:AMQPConnectionWorkflow - reporting success: <SelectConnection OPEN transport=<pika.adapters.utils.io_services_utils._AsyncPlaintextTransport object at 0x0000019948B27110> params=<ConnectionParameters host=localhost port=5672 virtual_host=/ ssl=False>>
INFO:pika.adapters.blocking_connection:Connection workflow succeeded: <SelectConnection OPEN transport=<pika.adapters.utils.io_services_utils._AsyncPlaintextTransport object at 0x0000019948B27110> params=<ConnectionParameters host=localhost port=5672 virtual_host=/ ssl=False>>
INFO:pika.adapters.blocking_connection:Created channel=1
INFO:pika.adapters.blocking_connection:Closing connection (200): Normal shutdown
INFO:pika.channel:Closing channel (200): 'Normal shutdown' on <Channel number=1 OPEN conn=<SelectConnection OPEN transport=<pika.adapters.utils.io_services_utils._AsyncPlaintextTransport object at 0x0000019948B27110> params=<ConnectionParameters host=localhost port=5672 virtual_host=/ ssl=False>>>
INFO:pika.channel:Received <Channel.CloseOk> on <Channel number=1 CLOSING conn=<SelectConnection OPEN transport=<pika.adapters.utils.io_services_utils._AsyncPlaintextTransport object at 0x0000019948B27110> params=<ConnectionParameters host=localhost port=5672 virtual_host=/ ssl=False>>>
INFO:pika.connection:Closing connection (200): 'Normal shutdown'
INFO:pika.adapters.utils.io_services_utils:Aborting transport connection: state=1; <socket.socket fd=884, family=23, type=1, proto=6, laddr=('::1', 54100, 0, 0), raddr=('::1', 5672, 0, 0)>
INFO:pika.adapters.utils.io_services_utils:_AsyncTransportBase._initate_abort(): Initiating abrupt asynchronous transport shutdown: state=1; error=None; <socket.socket fd=884, family=23, type=1, proto=6, laddr=('::1', 54100, 0, 0), raddr=('::1', 5672, 0, 0)>
INFO:pika.adapters.utils.io_services_utils:Deactivating transport: state=1; <socket.socket fd=884, family=23, type=1, proto=6, laddr=('::1', 54100, 0, 0), raddr=('::1', 5672, 0, 0)>
INFO:pika.connection:AMQP stack terminated, failed to connect, or aborted: opened=True, error-arg=None; pending-error=ConnectionClosedByClient: (200) 'Normal shutdown'
INFO:pika.connection:Stack terminated due to ConnectionClosedByClient: (200) 'Normal shutdown'
INFO:pika.adapters.utils.io_services_utils:Closing transport socket and unlinking: state=3; <socket.socket fd=884, family=23, type=1, proto=6, laddr=('::1', 54100, 0, 0), raddr=('::1', 5672, 0, 0)>
INFO:pika.adapters.blocking_connection:User-initiated close: result=BlockingConnection__OnClosedArgs(connection=<SelectConnection CLOSED transport=None params=<ConnectionParameters host=localhost port=5672 virtual_host=/ ssl=False>>, error=ConnectionClosedByClient: (200) 'Normal shutdown')
INFO:pika.adapters.utils.connection_workflow:Pika version 1.3.1 connecting to ('::1', 5672, 0, 0)
INFO:pika.adapters.utils.io_services_utils:Socket connected: <socket.socket fd=1136, family=23, type=1, proto=6, laddr=('::1', 65280, 0, 0), raddr=('::1', 5672, 0, 0)>
INFO:pika.adapters.utils.connection_workflow:Streaming transport linked up: (<pika.adapters.utils.io_services_utils._AsyncPlaintextTransport object at 0x0000019948B25610>, _StreamingProtocolShim: <SelectConnection PROTOCOL transport=<pika.adapters.utils.io_services_utils._AsyncPlaintextTransport object at 0x0000019948B25610> params=<ConnectionParameters host=localhost port=5672 virtual_host=/ ssl=False>>).
INFO:pika.adapters.utils.connection_workflow:AMQPConnector - reporting success: <SelectConnection OPEN transport=<pika.adapters.utils.io_services_utils._AsyncPlaintextTransport object at 0x0000019948B25610> params=<ConnectionParameters host=localhost port=5672 virtual_host=/ ssl=False>>
INFO:pika.adapters.utils.connection_workflow:AMQPConnectionWorkflow - reporting success: <SelectConnection OPEN transport=<pika.adapters.utils.io_services_utils._AsyncPlaintextTransport object at 0x0000019948B25610> params=<ConnectionParameters host=localhost port=5672 virtual_host=/ ssl=False>>
INFO:pika.adapters.blocking_connection:Connection workflow succeeded: <SelectConnection OPEN transport=<pika.adapters.utils.io_services_utils._AsyncPlaintextTransport object at 0x0000019948B25610> params=<ConnectionParameters host=localhost port=5672 virtual_host=/ ssl=False>>
INFO:pika.adapters.blocking_connection:Created channel=1
INFO:pika.adapters.blocking_connection:Closing connection (200): Normal shutdown
INFO:pika.channel:Closing channel (200): 'Normal shutdown' on <Channel number=1 OPEN conn=<SelectConnection OPEN transport=<pika.adapters.utils.io_services_utils._AsyncPlaintextTransport object at 0x0000019948B25610> params=<ConnectionParameters host=localhost port=5672 virtual_host=/ ssl=False>>>
INFO:pika.channel:Received <Channel.CloseOk> on <Channel number=1 CLOSING conn=<SelectConnection OPEN transport=<pika.adapters.utils.io_services_utils._AsyncPlaintextTransport object at 0x0000019948B25610> params=<ConnectionParameters host=localhost port=5672 virtual_host=/ ssl=False>>>
INFO:pika.connection:Closing connection (200): 'Normal shutdown'
INFO:pika.adapters.utils.io_services_utils:Aborting transport connection: state=1; <socket.socket fd=1136, family=23, type=1, proto=6, laddr=('::1', 65280, 0, 0), raddr=('::1', 5672, 0, 0)>
INFO:pika.adapters.utils.io_services_utils:_AsyncTransportBase._initate_abort(): Initiating abrupt asynchronous transport shutdown: state=1; error=None; <socket.socket fd=1136, family=23, type=1, proto=6, laddr=('::1', 65280, 0, 0), raddr=('::1', 5672, 0, 0)>
INFO:pika.adapters.utils.io_services_utils:Deactivating transport: state=1; <socket.socket fd=1136, family=23, type=1, proto=6, laddr=('::1', 65280, 0, 0), raddr=('::1', 5672, 0, 0)>
INFO:pika.connection:AMQP stack terminated, failed to connect, or aborted: opened=True, error-arg=None; pending-error=ConnectionClosedByClient: (200) 'Normal shutdown'
INFO:pika.connection:Stack terminated due to ConnectionClosedByClient: (200) 'Normal shutdown'
INFO:pika.adapters.utils.io_services_utils:Closing transport socket and unlinking: state=3; <socket.socket fd=1136, family=23, type=1, proto=6, laddr=('::1', 65280, 0, 0), raddr=('::1', 5672, 0, 0)>
INFO:pika.adapters.blocking_connection:User-initiated close: result=BlockingConnection__OnClosedArgs(connection=<SelectConnection CLOSED transport=None params=<ConnectionParameters host=localhost port=5672 virtual_host=/ ssl=False>>, error=ConnectionClosedByClient: (200) 'Normal shutdown')
INFO:pika.adapters.utils.connection_workflow:Pika version 1.3.1 connecting to ('::1', 5672, 0, 0)
INFO:pika.adapters.utils.io_services_utils:Socket connected: <socket.socket fd=1004, family=23, type=1, proto=6, laddr=('::1', 64604, 0, 0), raddr=('::1', 5672, 0, 0)>
INFO:pika.adapters.utils.connection_workflow:Streaming transport linked up: (<pika.adapters.utils.io_services_utils._AsyncPlaintextTransport object at 0x0000019948B25C10>, _StreamingProtocolShim: <SelectConnection PROTOCOL transport=<pika.adapters.utils.io_services_utils._AsyncPlaintextTransport object at 0x0000019948B25C10> params=<ConnectionParameters host=localhost port=5672 virtual_host=/ ssl=False>>).
INFO:pika.adapters.utils.connection_workflow:AMQPConnector - reporting success: <SelectConnection OPEN transport=<pika.adapters.utils.io_services_utils._AsyncPlaintextTransport object at 0x0000019948B25C10> params=<ConnectionParameters host=localhost port=5672 virtual_host=/ ssl=False>>
INFO:pika.adapters.utils.connection_workflow:AMQPConnectionWorkflow - reporting success: <SelectConnection OPEN transport=<pika.adapters.utils.io_services_utils._AsyncPlaintextTransport object at 0x0000019948B25C10> params=<ConnectionParameters host=localhost port=5672 virtual_host=/ ssl=False>>
INFO:pika.adapters.blocking_connection:Connection workflow succeeded: <SelectConnection OPEN transport=<pika.adapters.utils.io_services_utils._AsyncPlaintextTransport object at 0x0000019948B25C10> params=<ConnectionParameters host=localhost port=5672 virtual_host=/ ssl=False>>
INFO:pika.adapters.blocking_connection:Created channel=1
INFO:pika.adapters.blocking_connection:Closing connection (200): Normal shutdown
INFO:pika.channel:Closing channel (200): 'Normal shutdown' on <Channel number=1 OPEN conn=<SelectConnection OPEN transport=<pika.adapters.utils.io_services_utils._AsyncPlaintextTransport object at 0x0000019948B25C10> params=<ConnectionParameters host=localhost port=5672 virtual_host=/ ssl=False>>>
INFO:pika.channel:Received <Channel.CloseOk> on <Channel number=1 CLOSING conn=<SelectConnection OPEN transport=<pika.adapters.utils.io_services_utils._AsyncPlaintextTransport object at 0x0000019948B25C10> params=<ConnectionParameters host=localhost port=5672 virtual_host=/ ssl=False>>>
INFO:pika.connection:Closing connection (200): 'Normal shutdown'
INFO:pika.adapters.utils.io_services_utils:Aborting transport connection: state=1; <socket.socket fd=1004, family=23, type=1, proto=6, laddr=('::1', 64604, 0, 0), raddr=('::1', 5672, 0, 0)>
INFO:pika.adapters.utils.io_services_utils:_AsyncTransportBase._initate_abort(): Initiating abrupt asynchronous transport shutdown: state=1; error=None; <socket.socket fd=1004, family=23, type=1, proto=6, laddr=('::1', 64604, 0, 0), raddr=('::1', 5672, 0, 0)>
INFO:pika.adapters.utils.io_services_utils:Deactivating transport: state=1; <socket.socket fd=1004, family=23, type=1, proto=6, laddr=('::1', 64604, 0, 0), raddr=('::1', 5672, 0, 0)>
INFO:pika.connection:AMQP stack terminated, failed to connect, or aborted: opened=True, error-arg=None; pending-error=ConnectionClosedByClient: (200) 'Normal shutdown'
INFO:pika.connection:Stack terminated due to ConnectionClosedByClient: (200) 'Normal shutdown'
INFO:pika.adapters.utils.io_services_utils:Closing transport socket and unlinking: state=3; <socket.socket fd=1004, family=23, type=1, proto=6, laddr=('::1', 64604, 0, 0), raddr=('::1', 5672, 0, 0)>
INFO:pika.adapters.blocking_connection:User-initiated close: result=BlockingConnection__OnClosedArgs(connection=<SelectConnection CLOSED transport=None params=<ConnectionParameters host=localhost port=5672 virtual_host=/ ssl=False>>, error=ConnectionClosedByClient: (200) 'Normal shutdown')
INFO:pika.adapters.utils.connection_workflow:Pika version 1.3.1 connecting to ('::1', 5672, 0, 0)
INFO:pika.adapters.utils.io_services_utils:Socket connected: <socket.socket fd=1068, family=23, type=1, proto=6, laddr=('::1', 56667, 0, 0), raddr=('::1', 5672, 0, 0)>
INFO:pika.adapters.utils.connection_workflow:Streaming transport linked up: (<pika.adapters.utils.io_services_utils._AsyncPlaintextTransport object at 0x0000019948B2B490>, _StreamingProtocolShim: <SelectConnection PROTOCOL transport=<pika.adapters.utils.io_services_utils._AsyncPlaintextTransport object at 0x0000019948B2B490> params=<ConnectionParameters host=localhost port=5672 virtual_host=/ ssl=False>>).
INFO:pika.adapters.utils.connection_workflow:AMQPConnector - reporting success: <SelectConnection OPEN transport=<pika.adapters.utils.io_services_utils._AsyncPlaintextTransport object at 0x0000019948B2B490> params=<ConnectionParameters host=localhost port=5672 virtual_host=/ ssl=False>>
INFO:pika.adapters.utils.connection_workflow:AMQPConnectionWorkflow - reporting success: <SelectConnection OPEN transport=<pika.adapters.utils.io_services_utils._AsyncPlaintextTransport object at 0x0000019948B2B490> params=<ConnectionParameters host=localhost port=5672 virtual_host=/ ssl=False>>
INFO:pika.adapters.blocking_connection:Connection workflow succeeded: <SelectConnection OPEN transport=<pika.adapters.utils.io_services_utils._AsyncPlaintextTransport object at 0x0000019948B2B490> params=<ConnectionParameters host=localhost port=5672 virtual_host=/ ssl=False>>
INFO:pika.adapters.blocking_connection:Created channel=1
INFO:pika.adapters.blocking_connection:Closing connection (200): Normal shutdown
INFO:pika.channel:Closing channel (200): 'Normal shutdown' on <Channel number=1 OPEN conn=<SelectConnection OPEN transport=<pika.adapters.utils.io_services_utils._AsyncPlaintextTransport object at 0x0000019948B2B490> params=<ConnectionParameters host=localhost port=5672 virtual_host=/ ssl=False>>>
INFO:pika.channel:Received <Channel.CloseOk> on <Channel number=1 CLOSING conn=<SelectConnection OPEN transport=<pika.adapters.utils.io_services_utils._AsyncPlaintextTransport object at 0x0000019948B2B490> params=<ConnectionParameters host=localhost port=5672 virtual_host=/ ssl=False>>>
INFO:pika.connection:Closing connection (200): 'Normal shutdown'
INFO:pika.adapters.utils.io_services_utils:Aborting transport connection: state=1; <socket.socket fd=1068, family=23, type=1, proto=6, laddr=('::1', 56667, 0, 0), raddr=('::1', 5672, 0, 0)>
INFO:pika.adapters.utils.io_services_utils:_AsyncTransportBase._initate_abort(): Initiating abrupt asynchronous transport shutdown: state=1; error=None; <socket.socket fd=1068, family=23, type=1, proto=6, laddr=('::1', 56667, 0, 0), raddr=('::1', 5672, 0, 0)>
INFO:pika.adapters.utils.io_services_utils:Deactivating transport: state=1; <socket.socket fd=1068, family=23, type=1, proto=6, laddr=('::1', 56667, 0, 0), raddr=('::1', 5672, 0, 0)>
INFO:pika.connection:AMQP stack terminated, failed to connect, or aborted: opened=True, error-arg=None; pending-error=ConnectionClosedByClient: (200) 'Normal shutdown'
INFO:pika.connection:Stack terminated due to ConnectionClosedByClient: (200) 'Normal shutdown'
INFO:pika.adapters.utils.io_services_utils:Closing transport socket and unlinking: state=3; <socket.socket fd=1068, family=23, type=1, proto=6, laddr=('::1', 56667, 0, 0), raddr=('::1', 5672, 0, 0)>
INFO:pika.adapters.blocking_connection:User-initiated close: result=BlockingConnection__OnClosedArgs(connection=<SelectConnection CLOSED transport=None params=<ConnectionParameters host=localhost port=5672 virtual_host=/ ssl=False>>, error=ConnectionClosedByClient: (200) 'Normal shutdown')
INFO:pika.adapters.utils.connection_workflow:Pika version 1.3.1 connecting to ('::1', 5672, 0, 0)
INFO:pika.adapters.utils.io_services_utils:Socket connected: <socket.socket fd=972, family=23, type=1, proto=6, laddr=('::1', 56638, 0, 0), raddr=('::1', 5672, 0, 0)>
INFO:pika.adapters.utils.connection_workflow:Streaming transport linked up: (<pika.adapters.utils.io_services_utils._AsyncPlaintextTransport object at 0x0000019948B2A510>, _StreamingProtocolShim: <SelectConnection PROTOCOL transport=<pika.adapters.utils.io_services_utils._AsyncPlaintextTransport object at 0x0000019948B2A510> params=<ConnectionParameters host=localhost port=5672 virtual_host=/ ssl=False>>).
INFO:pika.adapters.utils.connection_workflow:AMQPConnector - reporting success: <SelectConnection OPEN transport=<pika.adapters.utils.io_services_utils._AsyncPlaintextTransport object at 0x0000019948B2A510> params=<ConnectionParameters host=localhost port=5672 virtual_host=/ ssl=False>>
INFO:pika.adapters.utils.connection_workflow:AMQPConnectionWorkflow - reporting success: <SelectConnection OPEN transport=<pika.adapters.utils.io_services_utils._AsyncPlaintextTransport object at 0x0000019948B2A510> params=<ConnectionParameters host=localhost port=5672 virtual_host=/ ssl=False>>
INFO:pika.adapters.blocking_connection:Connection workflow succeeded: <SelectConnection OPEN transport=<pika.adapters.utils.io_services_utils._AsyncPlaintextTransport object at 0x0000019948B2A510> params=<ConnectionParameters host=localhost port=5672 virtual_host=/ ssl=False>>
INFO:pika.adapters.blocking_connection:Created channel=1
INFO:pika.adapters.blocking_connection:Closing connection (200): Normal shutdown
INFO:pika.channel:Closing channel (200): 'Normal shutdown' on <Channel number=1 OPEN conn=<SelectConnection OPEN transport=<pika.adapters.utils.io_services_utils._AsyncPlaintextTransport object at 0x0000019948B2A510> params=<ConnectionParameters host=localhost port=5672 virtual_host=/ ssl=False>>>
INFO:pika.channel:Received <Channel.CloseOk> on <Channel number=1 CLOSING conn=<SelectConnection OPEN transport=<pika.adapters.utils.io_services_utils._AsyncPlaintextTransport object at 0x0000019948B2A510> params=<ConnectionParameters host=localhost port=5672 virtual_host=/ ssl=False>>>
INFO:pika.connection:Closing connection (200): 'Normal shutdown'
INFO:pika.adapters.utils.io_services_utils:Aborting transport connection: state=1; <socket.socket fd=972, family=23, type=1, proto=6, laddr=('::1', 56638, 0, 0), raddr=('::1', 5672, 0, 0)>
INFO:pika.adapters.utils.io_services_utils:_AsyncTransportBase._initate_abort(): Initiating abrupt asynchronous transport shutdown: state=1; error=None; <socket.socket fd=972, family=23, type=1, proto=6, laddr=('::1', 56638, 0, 0), raddr=('::1', 5672, 0, 0)>
INFO:pika.adapters.utils.io_services_utils:Deactivating transport: state=1; <socket.socket fd=972, family=23, type=1, proto=6, laddr=('::1', 56638, 0, 0), raddr=('::1', 5672, 0, 0)>
INFO:pika.connection:AMQP stack terminated, failed to connect, or aborted: opened=True, error-arg=None; pending-error=ConnectionClosedByClient: (200) 'Normal shutdown'
INFO:pika.connection:Stack terminated due to ConnectionClosedByClient: (200) 'Normal shutdown'
INFO:pika.adapters.utils.io_services_utils:Closing transport socket and unlinking: state=3; <socket.socket fd=972, family=23, type=1, proto=6, laddr=('::1', 56638, 0, 0), raddr=('::1', 5672, 0, 0)>
INFO:pika.adapters.blocking_connection:User-initiated close: result=BlockingConnection__OnClosedArgs(connection=<SelectConnection CLOSED transport=None params=<ConnectionParameters host=localhost port=5672 virtual_host=/ ssl=False>>, error=ConnectionClosedByClient: (200) 'Normal shutdown')
INFO:pika.adapters.utils.connection_workflow:Pika version 1.3.1 connecting to ('::1', 5672, 0, 0)
INFO:pika.adapters.utils.io_services_utils:Socket connected: <socket.socket fd=1048, family=23, type=1, proto=6, laddr=('::1', 55597, 0, 0), raddr=('::1', 5672, 0, 0)>
INFO:pika.adapters.utils.connection_workflow:Streaming transport linked up: (<pika.adapters.utils.io_services_utils._AsyncPlaintextTransport object at 0x0000019948B38550>, _StreamingProtocolShim: <SelectConnection PROTOCOL transport=<pika.adapters.utils.io_services_utils._AsyncPlaintextTransport object at 0x0000019948B38550> params=<ConnectionParameters host=localhost port=5672 virtual_host=/ ssl=False>>).
INFO:pika.adapters.utils.connection_workflow:AMQPConnector - reporting success: <SelectConnection OPEN transport=<pika.adapters.utils.io_services_utils._AsyncPlaintextTransport object at 0x0000019948B38550> params=<ConnectionParameters host=localhost port=5672 virtual_host=/ ssl=False>>
INFO:pika.adapters.utils.connection_workflow:AMQPConnectionWorkflow - reporting success: <SelectConnection OPEN transport=<pika.adapters.utils.io_services_utils._AsyncPlaintextTransport object at 0x0000019948B38550> params=<ConnectionParameters host=localhost port=5672 virtual_host=/ ssl=False>>
INFO:pika.adapters.blocking_connection:Connection workflow succeeded: <SelectConnection OPEN transport=<pika.adapters.utils.io_services_utils._AsyncPlaintextTransport object at 0x0000019948B38550> params=<ConnectionParameters host=localhost port=5672 virtual_host=/ ssl=False>>
INFO:pika.adapters.blocking_connection:Created channel=1
INFO:pika.adapters.blocking_connection:Closing connection (200): Normal shutdown
INFO:pika.channel:Closing channel (200): 'Normal shutdown' on <Channel number=1 OPEN conn=<SelectConnection OPEN transport=<pika.adapters.utils.io_services_utils._AsyncPlaintextTransport object at 0x0000019948B38550> params=<ConnectionParameters host=localhost port=5672 virtual_host=/ ssl=False>>>
INFO:pika.channel:Received <Channel.CloseOk> on <Channel number=1 CLOSING conn=<SelectConnection OPEN transport=<pika.adapters.utils.io_services_utils._AsyncPlaintextTransport object at 0x0000019948B38550> params=<ConnectionParameters host=localhost port=5672 virtual_host=/ ssl=False>>>
INFO:pika.connection:Closing connection (200): 'Normal shutdown'
INFO:pika.adapters.utils.io_services_utils:Aborting transport connection: state=1; <socket.socket fd=1048, family=23, type=1, proto=6, laddr=('::1', 55597, 0, 0), raddr=('::1', 5672, 0, 0)>
INFO:pika.adapters.utils.io_services_utils:_AsyncTransportBase._initate_abort(): Initiating abrupt asynchronous transport shutdown: state=1; error=None; <socket.socket fd=1048, family=23, type=1, proto=6, laddr=('::1', 55597, 0, 0), raddr=('::1', 5672, 0, 0)>
INFO:pika.adapters.utils.io_services_utils:Deactivating transport: state=1; <socket.socket fd=1048, family=23, type=1, proto=6, laddr=('::1', 55597, 0, 0), raddr=('::1', 5672, 0, 0)>
INFO:pika.connection:AMQP stack terminated, failed to connect, or aborted: opened=True, error-arg=None; pending-error=ConnectionClosedByClient: (200) 'Normal shutdown'
INFO:pika.connection:Stack terminated due to ConnectionClosedByClient: (200) 'Normal shutdown'
INFO:pika.adapters.utils.io_services_utils:Closing transport socket and unlinking: state=3; <socket.socket fd=1048, family=23, type=1, proto=6, laddr=('::1', 55597, 0, 0), raddr=('::1', 5672, 0, 0)>
INFO:pika.adapters.blocking_connection:User-initiated close: result=BlockingConnection__OnClosedArgs(connection=<SelectConnection CLOSED transport=None params=<ConnectionParameters host=localhost port=5672 virtual_host=/ ssl=False>>, error=ConnectionClosedByClient: (200) 'Normal shutdown')
INFO:pika.adapters.utils.connection_workflow:Pika version 1.3.1 connecting to ('::1', 5672, 0, 0)
INFO:pika.adapters.utils.io_services_utils:Socket connected: <socket.socket fd=1204, family=23, type=1, proto=6, laddr=('::1', 57524, 0, 0), raddr=('::1', 5672, 0, 0)>
INFO:pika.adapters.utils.connection_workflow:Streaming transport linked up: (<pika.adapters.utils.io_services_utils._AsyncPlaintextTransport object at 0x0000019948B39E10>, _StreamingProtocolShim: <SelectConnection PROTOCOL transport=<pika.adapters.utils.io_services_utils._AsyncPlaintextTransport object at 0x0000019948B39E10> params=<ConnectionParameters host=localhost port=5672 virtual_host=/ ssl=False>>).
INFO:pika.adapters.utils.connection_workflow:AMQPConnector - reporting success: <SelectConnection OPEN transport=<pika.adapters.utils.io_services_utils._AsyncPlaintextTransport object at 0x0000019948B39E10> params=<ConnectionParameters host=localhost port=5672 virtual_host=/ ssl=False>>
INFO:pika.adapters.utils.connection_workflow:AMQPConnectionWorkflow - reporting success: <SelectConnection OPEN transport=<pika.adapters.utils.io_services_utils._AsyncPlaintextTransport object at 0x0000019948B39E10> params=<ConnectionParameters host=localhost port=5672 virtual_host=/ ssl=False>>
INFO:pika.adapters.blocking_connection:Connection workflow succeeded: <SelectConnection OPEN transport=<pika.adapters.utils.io_services_utils._AsyncPlaintextTransport object at 0x0000019948B39E10> params=<ConnectionParameters host=localhost port=5672 virtual_host=/ ssl=False>>
INFO:pika.adapters.blocking_connection:Created channel=1
INFO:pika.adapters.blocking_connection:Closing connection (200): Normal shutdown
INFO:pika.channel:Closing channel (200): 'Normal shutdown' on <Channel number=1 OPEN conn=<SelectConnection OPEN transport=<pika.adapters.utils.io_services_utils._AsyncPlaintextTransport object at 0x0000019948B39E10> params=<ConnectionParameters host=localhost port=5672 virtual_host=/ ssl=False>>>
INFO:pika.channel:Received <Channel.CloseOk> on <Channel number=1 CLOSING conn=<SelectConnection OPEN transport=<pika.adapters.utils.io_services_utils._AsyncPlaintextTransport object at 0x0000019948B39E10> params=<ConnectionParameters host=localhost port=5672 virtual_host=/ ssl=False>>>
INFO:pika.connection:Closing connection (200): 'Normal shutdown'
INFO:pika.adapters.utils.io_services_utils:Aborting transport connection: state=1; <socket.socket fd=1204, family=23, type=1, proto=6, laddr=('::1', 57524, 0, 0), raddr=('::1', 5672, 0, 0)>
INFO:pika.adapters.utils.io_services_utils:_AsyncTransportBase._initate_abort(): Initiating abrupt asynchronous transport shutdown: state=1; error=None; <socket.socket fd=1204, family=23, type=1, proto=6, laddr=('::1', 57524, 0, 0), raddr=('::1', 5672, 0, 0)>
INFO:pika.adapters.utils.io_services_utils:Deactivating transport: state=1; <socket.socket fd=1204, family=23, type=1, proto=6, laddr=('::1', 57524, 0, 0), raddr=('::1', 5672, 0, 0)>
INFO:pika.connection:AMQP stack terminated, failed to connect, or aborted: opened=True, error-arg=None; pending-error=ConnectionClosedByClient: (200) 'Normal shutdown'
INFO:pika.connection:Stack terminated due to ConnectionClosedByClient: (200) 'Normal shutdown'
INFO:pika.adapters.utils.io_services_utils:Closing transport socket and unlinking: state=3; <socket.socket fd=1204, family=23, type=1, proto=6, laddr=('::1', 57524, 0, 0), raddr=('::1', 5672, 0, 0)>
INFO:pika.adapters.blocking_connection:User-initiated close: result=BlockingConnection__OnClosedArgs(connection=<SelectConnection CLOSED transport=None params=<ConnectionParameters host=localhost port=5672 virtual_host=/ ssl=False>>, error=ConnectionClosedByClient: (200) 'Normal shutdown')
